none
none
"a" "p" 1;
"a" "p" 1;
"c" "k" 1;
"c" "k" 1;
"c" "k" 1;





"b" "u" 1; "d" "i" 1;
"b" "u" 1;
"b" "u" 1;








"a" "m" 1;
"a" "m" 1;
"a" "m" 1;
"a" "m" 1;





















"b" "s" 1;
"b" "s" 1;
"c" "q" 1;
"c" "q" 1;
"c" "g" "q" 1; "d" "q" "z" 1;
"c" "g" "q" 1; "d" "m" "q" 1;
"c" "f" "q" 1; "d" "q" 1; "e" "c" 1;
"c" "f" 1; "d" "q" 1; "e" "c" 1;
"d" "q" 1; "e" "c" 1;
"a" "u" 1; "d" "q" 1; "e" "c" 1;
"d" "q" 1; "e" "c" 1;
"d" "q" 1; "e" "c" 1;
"b" "a" 1; "d" "q" 1;
"b" "a" 1;
"d" "o" 1;
"d" "o" 1;



"d" "c" 1;
"c" "b" 1; "d" "c" 1;











"c" "d" 1;
"a" "x" 1;

"a" "n" "y" 1;
"d" "c" 1; "e" "q" 1;


"b" "k" 1;



"c" "t" 1; "e" "y" 1;
"e" "y" 1;
"a" "o" 1; "c" "y" 1; "e" "o" "y" 1;
"c" "y" 1; "e" "y" 1;
"c" "y" 1; "e" "y" 1;
"c" "y" 1; "d" "r" 1; "e" "y" 1;
"a" "r" 1; "c" "y" 1; "d" "k" "n" "r" "v" 1; "e" "y" 1;
"e" "y" 1;
"a" "t" "v" "y" 1; "c" "t" 1; "e" "v" "y" 1;








"b" "t" 1;
"e" "f" 1;
"d" "b" 1; "e" "f" 1;
"b" "d" 1; "c" "d" "p" 1;
"c" "d" 1;
"c" "d" 1;
"c" "d" 1;

"b" "r" 1; "e" "l" 1;
"b" "r" 1; "e" "l" 1;
"b" "l" "r" 1;







"e" "n" 1;
"e" "n" 1;
"e" "n" 1;
"c" "n" 1;
"c" "k" 1;
"a" "n" 1; "c" "k" 1;
"a" "n" 1; "c" "k" 1;
"a" "n" 1; "c" "k" 1;
"a" "n" 1; "c" "k" 1;
"a" "i" "n" 1; "c" "k" 1;
"b" "g" 1; "c" "k" 1;
"c" "k" 1;


"b" "o" 1; "d" "j" 1; "e" "w" 1;
"b" "o" 1; "e" "w" 1;
"b" "o" 1; "e" "w" 1;
"e" "w" 1;








"b" "i" "o" 1;
"b" "i" "o" 1;
"d" "d" 1;
"a" "y" 1; "e" "f" 1;
"a" "y" 1;
"a" "y" 1;


"d" "t" 1;
"d" "t" 1;
"d" "t" 1;
"a" "c" 1; "c" "c" 1; "d" "t" 1;
"a" "c" "t" 1; "c" "c" 1; "d" "t" 1;
"a" "c" "t" 1; "c" "c" 1; "d" "t" 1; "e" "j" 1;
"a" "t" 1; "d" "t" "z" 1;

"a" "z" 2; "d" "f" 1;
"a" "z" 2; "e" "n" 1;
"a" "z" 3; "e" "n" 1;
"a" "z" 2; "e" "n" 1;
"a" "z" 2;
"a" "z" 1; "c" "o" 1;
"a" "z" 1; "c" "o" 1;
"a" "z" 1; "c" "o" 1;
"a" "z" 1; "c" "o" 1; "d" "v" 1;




"a" "z" 1;
"a" "z" 1;





"a" "w" 1;
"e" "l" 1;
"e" "l" 1;



"d" "r" 1;

"a" "l" 1;


"b" "r" 1;
"b" "r" 1; "c" "r" 1;
"b" "r" 1; "c" "r" 1;
"b" "r" 1; "c" "r" 1;
"c" "y" 1;
"c" "y" 1;
"a" "o" 1;
"a" "o" 1;
"c" "d" 1;
"a" "s" 1;
"a" "s" 1; "e" "a" 1;
"a" "s" 1; "c" "h" 1;

"a" "w" 1; "d" "w" 1;
"a" "w" 1; "d" "w" 1; "e" "p" 1;
"a" "w" 1; "d" "w" 1; "e" "p" 1;
"a" "w" 1; "d" "l" "w" 1;
"a" "w" 1; "d" "l" "w" 1;
"a" "w" 1;









"a" "m" "n" 1; "b" "p" 1;
"a" "n" 1; "b" "p" 1; "e" "k" 1;
"c" "n" 1; "e" "k" 1;
"c" "n" 1; "e" "k" 2;
"c" "d" 1; "d" "k" 1; "e" "k" 1;
"c" "d" 1; "d" "k" 1; "e" "k" 1;
"c" "d" 1; "d" "k" 1; "e" "k" 1;




"a" "y" 1; "c" "g" 1;
"a" "y" 1;
"a" "y" 1;
"a" "y" 1;
"a" "y" 1; "b" "u" "y" 1;
"a" "y" 1; "b" "u" "y" 1;
"a" "y" 1; "b" "u" "y" 1; "c" "x" 1; "e" "s" "y" 1;
"a" "y" 1; "b" "u" "y" 1; "c" "x" 1; "d" "y" 1; "e" "s" "y" 1;
"a" "y" 1; "b" "y" 2; "d" "y" 1; "e" "s" 2;
"b" "y" 1; "d" "y" 1; "e" "s" 1;
"b" "y" 1; "d" "y" 1; "e" "s" 1;
"b" "y" 1; "d" "y" 2; "e" "s" 1;
"b" "y" 1; "d" "y" 2; "e" "s" 1;
"c" "l" 1; "e" "h" "s" 1;
"b" "k" 1; "d" "k" 1; "e" "s" 1;
"d" "u" 1; "e" "s" 1;
"d" "u" 1; "e" "s" 2;
"b" "m" 1; "d" "u" 1; "e" "s" 2;
"b" "m" 1; "d" "u" 1; "e" "s" 2;
"b" "m" 1; "d" "u" 1; "e" "s" 2;
"b" "b" "m" "x" 1; "d" "u" 1; "e" "s" 1;
"b" "b" 1; "d" "u" "x" 1; "e" "s" 1;
"b" "b" 1; "d" "p" "u" "x" 1; "e" "s" 1;
"b" "b" 1; "d" "p" "u" 1; "e" "s" 1;
"d" "p" 1; "e" "d" "s" 1;
"d" "w" 1; "e" "s" 1;
"e" "s" 1;
"e" "s" 1;
"e" "s" 1;
"e" "s" 1;
"e" "s" 1;









"c" "u" 1;
"b" "t" 1;




"a" "u" 1;





"b" "k" 1;
"b" "k" 1;



"c" "f" 1;
"a" "s" 1;
"a" "s" 1;
"a" "s" 1; "b" "d" 1;
"a" "s" 1; "b" "d" 1;
"a" "p" 1; "c" "p" 1;
"a" "p" 1; "c" "p" 1;
"a" "p" 1; "c" "p" 1;


"a" "c" 1;
"a" "c" 1; "d" "j" 1;
"a" "c" 1; "d" "j" 1;
"a" "c" 1; "d" "j" 1;
"a" "c" 1; "d" "j" 1;
"a" "c" 1; "d" "j" 1;
"a" "c" 1; "d" "j" 1;

"b" "f" 1;
"b" "f" "x" 1; "e" "a" 1;
"b" "f" "x" 1; "e" "a" 1;

"e" "o" 1;
"e" "o" 1;
"a" "y" 1; "e" "o" 1;
"a" "y" 1; "e" "o" 1;
"a" "y" 1;
"a" "y" 1; "b" "t" 1; "d" "u" 1;
"d" "u" 1; "e" "l" 1;
"d" "u" 1; "e" "l" 1;
"e" "l" 1;
"e" "l" 1;
"e" "l" 1;
"e" "l" 1;
"e" "l" 1;
"e" "f" 1;
"e" "f" 1;

"a" "w" 1;
"a" "w" 1; "d" "f" 1;





"a" "f" 1; "e" "y" 1;
"a" "f" 1;
"a" "f" 1; "d" "a" 1;
"a" "f" 1; "d" "n" "v" 1;
"a" "f" 1; "d" "n" "v" 1;
"a" "f" 1; "d" "n" "v" 1;
"d" "v" 1;

"d" "i" 1;
"d" "r" 1;
"d" "r" 1;






"c" "o" 1; "e" "d" 1;
"c" "o" 1; "e" "d" 1;
"b" "d" 1; "c" "d" "o" 1; "e" "d" 1;
"b" "d" 1; "e" "d" 1;
"a" "y" 1;
"a" "y" 1;












"e" "e" 1;
"b" "a" 1;
"e" "f" 1;











"c" "d" 1;
"b" "d" 1; "c" "d" 1;
"b" "d" 1; "c" "d" 1;
"b" "d" 1; "c" "d" 1;
"a" "i" 1; "c" "n" 1; "d" "y" 1;
"a" "r" 1; "c" "w" 1; "d" "y" 1;




"b" "h" 1;
"b" "h" 1;
"b" "h" 1; "c" "v" 1; "e" "c" 1;
"b" "e" 1; "c" "v" 1; "e" "c" 1;
"b" "e" 1; "c" "v" 1; "e" "c" 1;
"b" "e" 1; "c" "a" "o" 1;
"c" "a" 1;
"c" "a" 1;
"c" "a" 1;
"c" "a" 1; "d" "h" 1;


"e" "t" 1;
"c" "f" 1;
"c" "f" 1;
"c" "f" 1;
"c" "f" 1;
"c" "f" 1; "d" "f" 1;
"a" "m" 1; "c" "f" 1; "d" "f" 1;
"a" "m" 1; "b" "o" 1; "c" "f" 1; "d" "f" 1;
"a" "m" 1; "b" "o" 1; "c" "f" 1; "d" "f" 1;
"a" "m" 1; "b" "o" 1; "c" "m" 1; "d" "f" 1;
"b" "o" 1;
"b" "o" 1;
"b" "o" 1;
"b" "o" 1;




"a" "p" 1;
"a" "p" 1;
"a" "p" 1; "b" "q" 1;
"b" "q" 1;
"b" "h" "q" 1;
"b" "q" 1; "e" "z" 1;
"d" "m" "q" 1; "e" "z" 1;



"d" "i" 1;
"d" "z" 1;
"b" "c" "g" "t" 1; "e" "g" "o" 1;
"b" "l" 1;
"b" "e" 1;

"c" "d" 1;

"e" "q" 1;
"e" "q" 1;
"e" "q" 1;



"c" "m" 1;
















"b" "l" 1; "d" "o" 1;





"c" "e" "o" 1;










"b" "j" 1;
"b" "j" 1;
"b" "j" 1;
"b" "j" 1; "d" "l" 1;
"a" "e" 1; "b" "j" 1; "d" "l" 1;
"b" "l" 1;









"c" "n" 1;



"a" "c" "q" 1;
"a" "c" "q" 1;
"a" "q" 1;
"a" "q" 1;
"a" "q" 1;
"a" "q" 1;
"a" "q" 1;


"c" "p" 1;
"c" "p" 1; "e" "r" 1;
"c" "p" 1; "e" "r" 1;
"d" "h" 1;
"b" "f" 1; "d" "o" 1;
"b" "f" 1; "d" "o" 1; "e" "r" 1;
"b" "f" 1; "d" "o" 1;
"b" "f" 1;
"b" "f" 1;
"b" "f" 1;
"b" "x" 1; "c" "x" 1;



"e" "k" 1;
"c" "h" 1;
"c" "h" 1;

"b" "t" 1; "e" "d" 1;
"b" "t" 1; "e" "d" 1;
"b" "t" 1; "e" "d" 1;
"b" "l" "t" 1; "c" "t" 1; "e" "i" 1;
"b" "l" "t" 1; "c" "t" 1; "d" "z" 1; "e" "f" "i" 1;
"b" "l" 1; "c" "t" 1; "d" "z" 1; "e" "f" "i" 1;










"e" "a" 1;











"a" "f" 1;
"a" "f" 1;
"a" "f" 1;
"a" "f" 1; "b" "k" 1;
"a" "f" 1; "b" "k" 1;
"a" "f" 1; "b" "k" 1;
"a" "f" 1;
"a" "s" 1;
"a" "s" 1;


"a" "f" 1;
"a" "f" "z" 1; "b" "i" "s" 1; "c" "s" 1; "d" "f" "n" "o" 1;
"a" "f" 1; "b" "i" "s" 1; "c" "s" 1; "d" "f" "n" "o" 1;
"a" "f" 1; "b" "i" "s" 1; "c" "s" 1; "d" "f" "n" "o" 1;
"e" "s" 1;



"d" "b" "s" 1;

"e" "b" 1;



"a" "r" 1; "b" "x" 1;
"a" "r" 1; "b" "x" 1;
"a" "r" 1; "b" "x" 1;
"a" "r" 1;
"a" "r" 1;

"a" "b" 1; "b" "a" 1;
"b" "e" 1;
"b" "e" 1;
"b" "e" 1; "e" "p" 1;
"b" "e" 1; "e" "p" 1;
"e" "p" 1;
"e" "p" 1;
"e" "p" 1;
"e" "p" 1;
"e" "p" 1;


"d" "l" 1;



"b" "b" "w" 1;
"b" "b" "w" 1;
"d" "s" 1; "e" "v" 1;
"d" "s" 1;




"a" "a" 1;
"b" "e" 1; "c" "c" 1;
"b" "e" "t" 1; "e" "b" 1;



"e" "v" 1;


"a" "e" 1; "e" "j" 1;
"b" "f" 1; "e" "a" 1;
"b" "f" 1; "e" "a" 1;
"b" "f" 1; "d" "c" 1; "e" "a" 1;
"b" "f" 1; "d" "c" 1; "e" "a" 1;
"a" "v" 1; "b" "f" 1; "d" "c" 1; "e" "a" 1;
"b" "f" 1; "e" "a" 1;

"c" "o" 1;
"c" "o" 1;
"c" "o" 1;
"c" "o" 1;





"c" "e" 1;
"c" "e" 1;






"b" "j" 1;



"e" "n" 1;














"c" "r" 1;
"c" "r" 1; "e" "x" 1;
"c" "r" 1; "e" "x" 1;
"c" "r" 1; "e" "x" 1;
"c" "u" 1; "d" "x" 1; "e" "x" 1;
"d" "h" "x" 1; "e" "x" 1;
"d" "b" 1; "e" "p" "x" 1;
"a" "c" "x" 1; "d" "b" 1; "e" "p" "x" 1;
"a" "c" "x" 1; "e" "p" "x" 1;
"d" "w" 1;
"d" "w" 1;
"d" "w" 1;
"d" "w" 1;
"d" "w" 1;
"d" "w" 1;
"d" "w" 1;


"d" "n" "x" 1;

"c" "r" 1;
"c" "r" 1;
"c" "r" 1;
"c" "r" 1;





"b" "x" 1;
"b" "x" 1;


"d" "i" 1;
"d" "i" 1;
"d" "i" 1;
"b" "p" 1;





"e" "a" 1;
"a" "e" 1; "c" "j" 1;
"a" "e" 1; "c" "j" 1;
"a" "a" 1; "d" "j" 1;









"b" "b" 1;
"b" "u" 1;
"b" "u" 1; "d" "e" 1;
"a" "p" 1;
"a" "l" "p" 1; "e" "w" 1;
"a" "l" 1; "c" "r" 1; "e" "w" 1;



"d" "p" 1;
"d" "p" 1;
"d" "p" 1;
"d" "p" 1;
"d" "p" 1;
"d" "p" 1;
"d" "p" 1;
"d" "p" 1;


"a" "c" 1; "c" "o" 1;
"a" "c" 1; "c" "o" 1;
"e" "k" 1;
"e" "k" 1;
"d" "z" 1; "e" "k" 1;
"a" "c" 1; "e" "k" 1;
"a" "c" 1; "e" "k" 1;
"c" "c" 1; "e" "k" 1;
"e" "k" 1;
"d" "p" 1; "e" "k" 1;
"d" "p" 1; "e" "k" 1;





"d" "l" "u" 1;
"d" "l" "u" 1;
"d" "l" "u" 1;
"d" "l" "u" 1;
"b" "s" 1; "d" "l" 1;
"d" "l" 1;


"c" "q" 1;
"a" "u" 1; "c" "q" 1;



"b" "k" 1;

"b" "g" 1;
"b" "g" 1;
"a" "g" 1; "b" "g" "x" 1;

"d" "w" 1;
"b" "k" 1; "c" "l" 1; "d" "v" 1;
"c" "l" 1; "d" "v" 1;
"c" "l" 1; "d" "v" 1;


"b" "y" 1;
"b" "y" 1;




"a" "z" 1; "e" "r" 1;
"a" "z" 1; "e" "r" 1;
"d" "g" 1;
"a" "u" 1; "b" "t" 1;
"a" "u" 1; "b" "t" 1; "c" "r" 1;
"a" "u" 1; "b" "t" 1; "c" "r" 1;
"b" "t" 2; "c" "l" "r" 1; "e" "t" 1;
"d" "l" 1; "e" "t" 1;
"d" "l" 1;
"c" "v" 1; "d" "l" 1; "e" "v" "w" 1;
"c" "v" 1; "d" "l" 1; "e" "v" "w" 1;
"e" "s" "w" 1;
"e" "s" "w" 1;


"d" "v" 1;
"d" "v" 1;





"b" "e" 1;
"b" "e" 1;





"e" "k" 1;
"b" "k" 1; "d" "n" "q" 1; "e" "k" 1;
"b" "k" 1; "d" "j" "n" "q" 1; "e" "k" 1;
"b" "y" 1; "c" "y" 2; "e" "k" 1;
"c" "y" 1;

"b" "s" 1; "c" "v" 1;
"b" "s" 1;



"c" "v" 1;



"b" "i" 1;
"b" "c" "i" 1;
"b" "c" "i" 1; "e" "c" 1;
"b" "c" "i" 1; "e" "c" 1;
"b" "a" 1; "e" "r" 1;
"b" "a" 1; "e" "r" 1;
"b" "a" 1; "e" "r" 1;
"d" "k" 1;
"b" "v" 1; "c" "v" 1; "d" "v" 1;
"a" "j" "x" 1; "b" "v" 1; "c" "v" 1; "d" "v" 1;
"a" "j" "x" 1; "b" "v" 1; "c" "v" 1; "d" "v" 1;
"a" "j" "x" 1; "b" "v" 1; "c" "v" 1; "d" "v" 1;
"a" "j" "n" "x" 1; "b" "v" 1; "c" "v" 1;
"a" "x" 1; "b" "m" 1;
"a" "u" "x" 1; "b" "m" 1;
"e" "v" 1;

"a" "y" 1;
"a" "y" 1;
"a" "y" 1;



"b" "h" 1; "c" "b" 1;
"a" "n" 1; "c" "f" 1;
"c" "f" 1;
"c" "f" "p" 1;
"b" "t" 1; "c" "f" 1;
"a" "i" 1; "c" "f" 1; "e" "i" 1;
"b" "c" 1;
"b" "c" 1;
"b" "c" 1;
"b" "c" 1;
"b" "c" 1; "c" "y" 1;
"b" "c" 1; "c" "y" 1;
"b" "c" 1; "c" "y" 1;
"b" "c" 1; "c" "y" 1;
"b" "c" 1; "c" "y" 1;
"b" "c" 1; "c" "y" 1;
"b" "c" 1; "c" "y" 1;
"c" "y" 1;
"c" "y" 1; "e" "g" 1;



"a" "n" "r" 1; "c" "x" 1;
"a" "n" "r" 1; "c" "x" 1;
"a" "n" 1;


"c" "b" 1;
"c" "b" 1;
"c" "b" 1;




"d" "q" 1;
"b" "k" 1;
"b" "k" 1;
"b" "k" 1; "d" "h" 1;
"b" "k" 1;


"e" "j" 1;
"b" "t" 1; "c" "f" 1; "d" "b" 1; "e" "j" 1;
"c" "f" 1; "e" "j" 1;
"c" "f" 1; "e" "j" 1;
"c" "f" 1; "e" "j" 1;
"c" "f" 1; "e" "j" 1;
"a" "f" 1;
"a" "f" 1;



"c" "c" 1;
"c" "c" 1;

"a" "y" 1; "b" "r" 1;
"c" "x" 1;
"e" "n" 1;
"e" "n" 1;






"c" "x" 1;





"d" "g" 1;
"b" "w" 1; "d" "g" 1;
"b" "w" 1; "d" "g" 1;
"b" "w" 1;
"b" "w" 1;
"b" "w" 1;
"b" "w" 1; "e" "m" 1;
"b" "w" 1; "e" "j" 2;
"c" "c" 1; "e" "c" "j" 1;
"c" "c" 1; "e" "j" 1;
"c" "c" 1;
"a" "f" 1; "c" "c" "k" 1;
"a" "a" 2; "c" "c" 1;
"a" "a" 2; "c" "c" 1;
"a" "a" 2; "c" "c" 1;
"c" "c" 1;








"e" "n" 1;
"e" "n" 1;
"e" "n" 1;
"e" "n" 1;
"a" "e" 1; "e" "n" 1;
"d" "v" 1; "e" "n" 1;
"e" "n" 1;
"a" "y" 1; "d" "z" 1;
"d" "z" 1;








"b" "f" "k" 1;
"b" "f" 2;
"b" "f" 2; "c" "e" 1;


"a" "j" 1; "e" "a" "g" 1;
"a" "j" 1; "b" "z" 1; "c" "l" 1; "e" "a" 1;
"a" "j" 1; "b" "z" 1; "c" "l" 1; "e" "a" 1;
"d" "e" 1;
"d" "e" "x" 1;
"c" "p" 1; "d" "x" 1;
"c" "p" 1; "d" "x" 1;
"c" "p" 1;





"b" "c" 1;
"b" "c" 1; "c" "y" 1; "e" "a" 1;
"b" "c" 1; "c" "y" 1; "e" "a" 1;
"b" "c" 1; "c" "y" 1; "e" "a" 1;
"c" "v" 1;
"c" "v" 1; "e" "v" 1;
"c" "v" 1; "e" "a" 1;
"e" "a" 1;
"d" "k" 1; "e" "a" 1;
"d" "k" 1; "e" "a" 1;
"e" "c" 1;





"e" "d" 1;
"e" "d" 1;




"c" "u" 1; "e" "u" 1;
"c" "u" 1; "e" "u" 1;
"a" "e" 1; "b" "l" 1; "d" "l" 1; "e" "i" 1;
"a" "e" 1; "b" "l" 1; "d" "l" 1; "e" "i" 1;
"a" "e" 1; "b" "l" 1; "c" "i" 1; "d" "l" 1; "e" "i" 1;
"c" "i" 1;
"b" "g" 1; "c" "i" 1; "d" "a" 1;
"b" "g" 1;
"b" "n" 1;
"b" "n" 1;
"b" "i" 1;
"b" "i" 1;
"b" "i" 1; "c" "g" 1;
"c" "g" 1;
"c" "g" 1;
"d" "h" 1;
"d" "h" 1;
"d" "h" 1;








"e" "b" "s" 1;
"e" "b" "s" 1;
"c" "i" 1; "e" "s" 1;
"c" "i" 1;
"c" "i" 1;
"c" "i" 1;
"c" "i" 1;






"c" "f" 1;

"e" "q" 1;
"c" "c" 1;
"c" "c" 1;
"c" "c" 1;
"c" "c" 1;
"a" "i" 1;
"a" "i" 1;
"a" "i" "k" 1;

"b" "c" 2; "e" "a" 1;
"b" "c" 1; "e" "a" 1;
"b" "c" 1;

"a" "x" 1; "c" "h" 1;
"a" "x" 1; "c" "h" 1;
"a" "x" 1; "b" "n" 1; "c" "h" 1;
"a" "x" 1; "b" "n" 1;
"a" "x" 1;
"c" "b" 1;

"a" "t" 1;
"a" "t" 1;
"a" "t" 1;
"a" "t" 1; "c" "e" 1;
"c" "e" 1;
"c" "e" 1;
"c" "e" 1;





"b" "p" 1;




"c" "n" 1;
"c" "n" 1;
"d" "e" "l" 1;
"d" "l" 1;

"d" "q" 1;
"a" "i" 1;
"a" "i" 1;
"a" "i" 1; "e" "s" 1;
"a" "i" 1; "e" "s" 1;
"a" "i" 1; "d" "j" 1; "e" "i" "s" 1;
"a" "i" 1; "e" "i" 1;
"a" "i" 1; "d" "i" 1;
"a" "i" 1; "d" "i" 1;
"a" "i" 1;
"c" "e" 1;
"b" "u" 1; "c" "e" "t" 1; "d" "k" 1; "e" "p" 1;
"c" "e" "s" "t" 1; "d" "k" 1; "e" "p" 1;
"c" "e" "s" "t" 1; "d" "c" "k" 1; "e" "p" 1;
"c" "e" "s" "t" 1; "d" "c" "k" 1;
"c" "e" 1;
"c" "e" 1;






"a" "k" 1;

"a" "r" 1;
"a" "r" 1;




"a" "x" 1; "c" "r" 1;
"b" "g" 1; "c" "r" 1;
"a" "w" 1; "b" "g" 1; "c" "r" 1;
"a" "w" 1;
"a" "w" 1;
"a" "w" 1;
"d" "f" "y" 1; "e" "e" 1;
"d" "y" 2; "e" "e" 1;
"a" "y" 1; "d" "y" 2;
"a" "y" 1; "b" "o" 1; "d" "y" 2;
"a" "y" 1; "b" "o" 1; "d" "y" 2;
"a" "n" "y" 1; "b" "o" 1; "d" "v" "y" 1; "e" "c" "x" 1;
"a" "n" 1; "d" "v" "y" 1; "e" "c" "x" 1;
"a" "n" 1; "d" "v" "y" 1; "e" "c" "x" 1;
"d" "v" "y" 1; "e" "t" 1;
"c" "o" 1; "d" "y" 1;
"c" "o" 1; "d" "y" 1;
"d" "v" 2;
"d" "v" 1;
"d" "v" 1;
"a" "u" 1; "c" "l" 1; "d" "v" 1;
"a" "u" 1;
"a" "u" 2; "d" "q" 1; "e" "o" "y" 1;
"a" "u" 1; "e" "o" "y" 1;
"a" "u" 1; "e" "o" "y" 1;
"a" "u" 1; "e" "o" "y" 1;
"a" "u" 1; "e" "o" "y" 1;
"a" "u" 1; "e" "o" "y" 1;

"d" "o" 1;


"a" "y" 1; "b" "w" 1;
"a" "y" 1; "b" "l" "w" 1; "e" "j" 1;
"a" "y" 1; "b" "w" 1;
"a" "y" 1;
"a" "y" 1;
"d" "j" 1;


"d" "w" 1;
"d" "w" 1;
"c" "i" 1; "d" "w" 1;
"a" "x" 1; "e" "n" 1;
"a" "x" 1; "e" "n" 1;
"a" "x" 1; "e" "n" 1;
"a" "g" "x" 1; "c" "t" 1; "e" "n" 1;
"c" "t" 1;
"c" "t" 1;
"c" "t" 1; "e" "n" 1;
"b" "s" 1; "e" "n" 1;
"b" "m" 1; "d" "z" 1;
"b" "m" 1;
"b" "m" 1;
"b" "m" 1; "e" "y" 1;



"a" "l" 1; "e" "u" 1;


"a" "d" 1; "e" "i" 2;
"b" "v" 1;
"a" "b" 1;
"a" "b" 1; "e" "d" 1;
"a" "b" 1; "e" "d" 1;
"a" "b" 1; "e" "d" 1;
"a" "b" 1; "e" "d" 1;
"a" "b" 1; "e" "d" 1;
"a" "b" 1; "e" "d" 1;
"a" "b" 1; "e" "d" 1;
"a" "b" 1; "e" "d" 1;
"a" "b" 1; "e" "d" 1;

"a" "f" 1;
"a" "f" 1;
"e" "n" 1;


"a" "m" 1;
"a" "m" 1; "d" "o" 1;
"a" "m" 1; "d" "o" 1;

"b" "e" 1; "d" "w" 1;
"b" "e" 1; "d" "w" 1;
"b" "h" 1; "c" "g" "i" 1; "d" "w" 1; "e" "r" "u" 1;
"b" "h" 1; "c" "g" "i" 1; "d" "w" 1; "e" "r" "u" 1;
"b" "h" 1; "c" "i" 1; "d" "w" 1; "e" "r" "u" 1;
"d" "w" 1; "e" "u" 1;
"d" "w" 1; "e" "u" 1;
"d" "w" 1; "e" "u" 1;
"d" "w" 1; "e" "u" 1;
"d" "w" 1; "e" "u" 1;
"b" "y" 1; "d" "w" 1; "e" "u" 1;
"d" "w" 1;
"d" "w" 1;
"d" "n" "w" 1;
"a" "e" 1; "d" "f" "l" "n" "w" 1;
"a" "a" 1; "b" "a" 1; "d" "n" "w" 1;
"d" "n" 1;


"b" "c" 1;


"a" "c" 1;
"c" "n" 1;


"a" "v" 1; "d" "w" 1;

"d" "z" 1;
"d" "z" 1;












"c" "w" 1;
"c" "c" "w" 1;
"c" "c" "w" 1;



"a" "h" 1;

"e" "t" 1;







"a" "k" 1;
"c" "b" 1;
"c" "b" 1;
"c" "b" 1;
"c" "b" 1;
"c" "b" 1;
"a" "j" 1; "c" "b" 1;
"a" "j" 1;
"a" "j" 1; "c" "f" 1;
"a" "j" 1;

"d" "h" 1;
"d" "a" "h" 1; "e" "x" 1;
"d" "a" "h" 1; "e" "x" 1;
"d" "a" "h" 1; "e" "x" 1;
"d" "a" "h" 1; "e" "x" 1;
"d" "a" "h" 1; "e" "x" 1;
"d" "a" "h" 1; "e" "x" 1;


"b" "n" 1;
"b" "x" 2;
"b" "x" 2;
"b" "x" 2;
"b" "x" 2;
"b" "x" 2;
"b" "x" 1;
"b" "x" 1; "d" "p" 1;
"b" "x" 1;
"b" "x" 1;
"b" "x" 1;
"b" "x" 1;
"b" "x" 1;
"b" "x" 1;
"b" "x" 1;
"b" "x" 1;
"b" "x" 1; "e" "d" 1;
"b" "x" 1;
"b" "x" 1;
"b" "x" 1;
"b" "x" 1;
"b" "x" 1;
"b" "x" 1;










"c" "b" 1;
"c" "b" 1;

"c" "i" 1;

"d" "e" 1;

"c" "n" 1;
"c" "n" 1; "e" "s" 1;
"c" "n" 1; "e" "n" 1;
"c" "n" 1; "e" "n" 1;
"c" "n" 1; "e" "n" 1;
"c" "n" 1; "e" "n" 1;
"a" "c" 1;


"a" "q" 1;
"a" "q" 1;




"e" "x" 1;
"e" "b" "x" 1;
"c" "l" 1;
"c" "l" 1;
"c" "l" 1;



"b" "p" 1; "c" "g" "x" 1; "d" "e" 1;
"c" "g" 1; "e" "q" 1;
"c" "g" 1; "e" "q" 1;
"c" "g" 1; "e" "q" 1;
"b" "q" 1; "e" "q" 1;
"b" "e" "v" "x" 1;
"b" "e" "v" "x" 1;
"b" "e" "x" 1;
"b" "e" "x" 1;






"b" "i" 1;
"b" "i" 1;
"b" "i" 1;
"a" "v" 1; "b" "i" 1;
"a" "v" 1; "b" "i" "v" 1;

"b" "j" 1; "e" "j" 1;
"b" "j" 1; "e" "j" 1;
"b" "j" 1; "e" "j" 1;
"b" "j" 1; "c" "s" 1;
"b" "j" 1; "c" "s" 1;
"b" "j" 1; "e" "k" 1;
"e" "k" 1;
"a" "u" 1; "b" "i" 1; "c" "u" 1; "d" "u" 1; "e" "k" 1;
"a" "e" "u" 1; "c" "u" 1; "d" "y" 1; "e" "e" "k" 1;
"a" "e" "u" 1; "c" "u" 1; "e" "e" 1;
"e" "e" 1;
"e" "e" 1;
"e" "e" 1;
"e" "e" 1;
"e" "e" 1;
"e" "z" 1;
"b" "r" 1; "e" "z" 1;
"a" "f" 1; "d" "d" "p" 1;
"a" "f" 1; "d" "d" "p" 1;
"a" "f" 1; "d" "d" "p" 1;
"a" "j" "t" 1; "c" "j" 1;
"a" "j" "t" 1; "c" "j" 1;
"a" "j" 1; "e" "f" 1;
"c" "f" 1; "e" "a" 1;
"c" "f" 1;
"c" "f" 1;




"d" "c" "u" 1;
"c" "v" 1; "d" "c" "u" 1;
"c" "v" 1;
"c" "v" 1;
"c" "v" 1;
"a" "n" 1; "b" "d" 1; "d" "f" 1; "e" "n" 1;
"a" "n" 1; "b" "d" 1; "d" "f" 1; "e" "n" 1;
"a" "n" 1; "b" "y" 1; "d" "f" 1; "e" "n" 1;
"a" "n" 1; "b" "y" 1; "d" "f" 1; "e" "h" 1;
"a" "n" 1; "b" "y" 1; "d" "f" 1; "e" "h" 1;
"a" "n" 1; "b" "y" 1; "d" "f" 1; "e" "h" 1;
"d" "f" 1;
"d" "j" 1;
"b" "u" 1; "d" "j" 1;
"b" "u" 1;


"c" "k" 1;



"c" "r" 1; "d" "m" 1;
"c" "r" 1; "d" "m" 1;
"a" "p" 1; "d" "m" 1; "e" "f" 1;
"d" "m" 1; "e" "f" 1;
"d" "m" 1; "e" "f" 1;
"d" "m" 1; "e" "f" 1;
"c" "u" 1; "d" "m" 1; "e" "f" 1;
"d" "m" 1;
"d" "m" 1;
"d" "m" 1;





"d" "e" 1;
"d" "e" 1;
"c" "a" 1; "d" "e" 1;

"e" "f" 1;
"e" "f" 1;








"d" "r" 1;
"d" "r" 1;
"d" "l" 1;
"d" "l" 1;







"b" "o" 1;
"b" "o" 1;
"b" "o" 1;
"b" "m" "o" 1;
"b" "m" "o" 1;

"b" "b" 1;
"b" "b" 1;
"b" "b" 1;
"b" "b" 1;
"a" "j" 1; "e" "g" 1;
"a" "j" 1; "e" "g" 1;

"d" "j" 1;
"b" "g" 1; "d" "j" 1;
"a" "m" 1; "b" "f" "g" 1; "d" "j" 1;
"a" "m" 1; "b" "f" "g" 1; "d" "j" 1;






"b" "r" 1;
"b" "r" 1;
"b" "r" 1;
"a" "d" 1; "b" "l" 2; "c" "z" 2;
"a" "d" "j" 1; "c" "z" 2;

"c" "c" 1;







"c" "v" 1;






"a" "v" 1; "d" "v" 1; "e" "n" 1;
"b" "p" 1;
"b" "p" 1; "d" "w" 1;
"b" "p" 1; "d" "w" 1;

"a" "i" 1;
"a" "i" 1;
"a" "i" 1;
"a" "i" 1; "d" "j" "u" 1;
"a" "i" 1; "d" "a" "j" "u" 1;
"a" "i" 1; "d" "a" "j" "u" 1;
"a" "d" 1; "d" "j" "u" 1; "e" "d" 1;
"a" "d" 1; "d" "j" "u" 1; "e" "d" 1;
"a" "d" 1; "d" "j" "u" 1; "e" "d" "q" 1;
"e" "d" 1;
"e" "d" 1;
"e" "d" 1;
"b" "x" 1; "e" "d" 1;





















"c" "b" 1;
"c" "b" 1;
"c" "b" 1;
"a" "p" 1;
"a" "p" 1;







"a" "j" 1; "b" "m" 1; "c" "h" 1; "d" "r" 1;
"b" "m" 1; "d" "r" 1;
"c" "r" 1;
"c" "e" 1;
"c" "e" 1;

"a" "u" 1;
"a" "b" 1; "d" "q" 1; "e" "h" 1;
"b" "v" 1; "d" "q" 2;
"d" "q" 1;
"a" "o" "z" 1; "c" "o" 1; "d" "q" 1;
"a" "o" "z" 1; "c" "o" 1; "d" "q" 1;
"a" "o" "z" 1; "c" "o" 1; "d" "q" 1;
"a" "o" 1; "b" "o" "u" 1; "c" "o" 1; "d" "g" 1;
"a" "o" 1; "b" "o" 1; "c" "o" "w" 1; "d" "g" 1;
"a" "o" 1; "b" "o" 1; "c" "o" "w" 1;
"a" "w" 1; "c" "w" 1;
"a" "w" 1; "c" "w" 1;
"a" "w" 1;
"a" "w" 1;
"a" "w" 1; "e" "w" 1;
"a" "w" 1; "e" "w" 1;



"b" "z" 1;
"b" "z" 1;

"a" "z" 1;


"a" "n" 1;

"d" "l" 1;

"a" "r" 1; "c" "q" 1; "d" "a" 1;
"a" "r" 1;
"a" "r" 1;
"a" "r" 1; "d" "o" 1;

"b" "t" 1;
"b" "t" 1;



"c" "s" 1; "d" "w" 1;
"a" "l" 1; "c" "t" 1;
"c" "t" 1;
"d" "f" 1;
"d" "f" 1;
"d" "j" 1;
"d" "j" 1;








"c" "x" 1;
"c" "x" 1;

"b" "s" 1; "d" "z" 1;
"b" "s" 1; "d" "z" 1;
"b" "s" 1;
"b" "s" 1;
"b" "s" 1;

"b" "z" 1;
"a" "e" 1; "c" "b" 1;
"a" "e" "i" 1; "c" "b" "h" 1;
"a" "e" "i" 1;
"a" "e" 1;




"e" "h" 1;
"e" "h" 1;







"d" "z" 1; "e" "f" 1;
"d" "z" 1;












"b" "f" 1;
"d" "d" 1;
"e" "a" 1;
"e" "a" 1;
"e" "a" 1;

"d" "v" 1;
"b" "z" 1;
"b" "z" 1; "e" "a" 1;






"a" "k" 1;
"d" "l" 1;
"d" "l" 1;
"c" "i" 1; "d" "l" 1;
"c" "i" 1; "d" "l" 1;
"b" "a" "p" 1; "c" "l" 1; "d" "w" 1;
"b" "a" "p" 1; "d" "w" 1;
"b" "p" 1;
"b" "p" 1; "d" "y" 1;
"b" "p" 1; "c" "p" 1; "d" "q" "y" 1;
"a" "r" 1; "b" "p" 1; "c" "p" 1; "d" "q" "y" 1;
"a" "r" 1; "b" "p" 1; "c" "m" 1; "d" "q" 3;
"a" "r" 1; "b" "p" 1; "c" "m" 1; "d" "q" 3;
"a" "r" 1; "c" "m" 1; "d" "q" 2;
"b" "n" 1; "d" "q" 1;
"d" "q" 1;
"d" "q" 1;

"e" "n" 1;
"c" "c" 1; "d" "v" 1;
"c" "c" 1; "d" "v" 1;
"c" "c" 1; "d" "v" 1;
"c" "z" 1;


"e" "u" 1;
"a" "q" 1;
"a" "q" 1;
"a" "q" 1;
"b" "i" 1;
"b" "i" 1; "c" "v" 1;
"b" "i" 1; "c" "v" 1;
"b" "i" 1; "c" "v" 1;
"c" "v" 1;
"c" "v" 1; "e" "c" "f" 1;
"e" "c" "f" 1;

"d" "u" 2;





"d" "l" "m" 1; "e" "h" 1;
"d" "l" "m" 1; "e" "h" 1;
"a" "i" 1; "d" "m" 1;
"a" "i" 1; "e" "d" 1;



"e" "z" 1;
"b" "d" 1; "d" "j" 2;
"d" "j" 2;
"d" "j" 2;
"b" "y" 1;
"a" "d" 1; "b" "y" 1; "c" "b" 1;
"c" "b" 1;





"e" "f" 1;
"c" "r" 1; "d" "m" 1;
"c" "d" "r" 1; "d" "h" 1; "e" "a" "k" 1;
"c" "d" "r" 1; "d" "h" 1; "e" "a" "k" 1;
"c" "d" "r" 1; "e" "a" "k" 1;

"d" "o" 1;
"a" "o" 2; "d" "o" 1;

"a" "c" 1;
"a" "c" 1;
"c" "o" 1; "d" "h" 1; "e" "k" 1;
"b" "n" 1; "c" "o" 1; "d" "h" 1; "e" "k" 1;
"b" "n" 1; "c" "o" 1; "d" "h" 1; "e" "k" 1;
"b" "n" 1; "c" "o" 1; "d" "h" 1; "e" "c" "k" 1;
"d" "t" 1; "e" "t" 1;
"d" "t" 1; "e" "t" 1;
"d" "t" 1; "e" "t" 1;






"d" "a" 1;
"d" "a" 1;
"d" "a" 1;
"e" "q" 1;
"c" "x" 1; "e" "q" 1;





"d" "q" 1;
"b" "i" 1; "d" "q" 1;
"b" "i" 1; "c" "m" 1;


"a" "l" 1;
"a" "l" 1;
"a" "l" 1; "d" "g" 1;
"a" "e" "g" "l" "o" 1; "b" "o" 1; "c" "v" 1; "d" "q" 1; "e" "e" 1;
"a" "g" "l" "o" 1; "b" "o" 1; "e" "a" "e" 1;
"a" "g" "l" "o" 1; "b" "o" 1; "c" "a" 1; "e" "a" 1;
"a" "g" "l" 1; "c" "a" "r" 1; "e" "a" 1;
"a" "g" "l" 1; "c" "a" "r" 1; "e" "a" 1;
"c" "a" 1;
"c" "a" 1;
"c" "a" 1;





"a" "z" 1;
"a" "z" 1;
"a" "z" 1; "d" "z" 1; "e" "o" 1;
"a" "z" 1; "d" "z" 1;
"a" "z" 1; "d" "g" "z" 1;
"b" "i" "n" 1; "c" "m" "y" 1; "d" "p" 1; "e" "d" "g" 1;
"b" "i" 1; "c" "m" "y" 1; "d" "p" 1; "e" "d" "g" 1;
"a" "f" 1; "b" "a" 1; "d" "d" "f" 1;
"a" "f" 1; "b" "a" 1; "d" "f" 1;
"a" "f" 1; "d" "f" 1;
"a" "f" 1; "d" "f" "p" 1;
"e" "m" 1;
"d" "u" 1; "e" "m" 1;
"e" "m" 1;
"e" "m" 1;
"e" "m" 1;
"e" "m" 1;




"d" "d" 1;
"d" "d" 1; "e" "d" 1;
"a" "g" 1; "b" "o" 1; "c" "d" 1; "d" "d" 1;
"a" "g" "o" 1; "c" "t" 1;
"a" "g" "o" 1; "c" "t" 1;
"a" "g" "o" 1; "c" "t" 1; "e" "n" 1;
"a" "o" 1; "c" "r" 1;
"a" "o" 1; "c" "r" 1;
"a" "o" 1; "c" "r" 1;
"a" "o" 1; "c" "h" "r" 1;
"c" "r" 1;


"a" "x" 1;
"a" "x" 1;
"e" "o" 1;
"e" "o" 1;
"e" "o" 1;
"e" "o" 1;
"e" "o" 1;



"c" "y" 1;


"b" "p" 1;

"e" "h" 2;
"d" "u" 1; "e" "m" 1;
"d" "u" 1;
"a" "u" 1; "b" "m" 1;
"b" "m" 1;
"b" "m" 1;
"b" "m" 1;
"b" "m" 1;
"b" "m" 1;
"b" "m" 1;
"b" "m" 1;

"a" "g" 1; "b" "s" 1; "c" "v" 1;
"a" "g" 1;
"a" "g" 1; "d" "z" 1;
"d" "z" 1; "e" "g" "z" 1;
"b" "o" 1; "d" "u" "z" 1; "e" "g" "z" 1;
"b" "a" "o" 1; "d" "u" "z" 1; "e" "g" "z" 1;
"b" "a" "o" 1; "c" "l" 1; "d" "u" "z" 1; "e" "g" "z" 1;
"b" "a" "o" 1; "c" "l" 1; "d" "u" 1; "e" "z" 1;
"b" "a" 1; "c" "l" 1; "d" "u" 1; "e" "z" 1;
"a" "h" 1; "b" "n" 1; "e" "z" 1;
"b" "n" 1; "c" "d" 1; "d" "k" 1;
"c" "d" 1;
"c" "d" 1; "d" "v" 1;
"c" "d" 1; "d" "v" 1;
"c" "d" 1; "d" "v" 1;





"d" "t" 1;



"d" "f" 1;
"a" "u" 1; "c" "q" 1;
"a" "u" 1; "c" "q" 1;
"a" "u" 1; "c" "n" "q" 1;

"a" "m" 2;
"c" "l" 1;
"c" "l" 1;
"e" "k" 1;
"e" "k" 1;
"c" "j" 1; "e" "k" 1;
"a" "f" 1; "c" "j" 1;
"a" "f" 1;
"a" "f" 1;
"a" "k" 1; "d" "n" 1;







"d" "y" 1; "e" "y" 1;
"d" "y" 1;


"c" "y" 1; "e" "y" 1;
"c" "y" 1; "e" "y" 1;
"c" "y" 1; "e" "y" 1;

"a" "h" 1;
"a" "h" 1;
"a" "h" 1;
"a" "h" 1; "d" "f" 1;


"a" "u" 1;
"a" "u" 1; "e" "o" 1;
"a" "u" 1; "e" "o" 1;
"a" "u" 1; "b" "u" 1; "e" "o" 1;
"e" "m" 1;
"b" "l" 1; "e" "h" 1;
"b" "l" 1; "e" "h" 1;
"a" "p" 1; "b" "l" 1; "e" "h" 1;
"a" "p" 1; "b" "l" 1; "e" "h" 1;
"a" "p" 1; "b" "l" 1; "e" "h" 1;
"a" "p" 1; "b" "p" 1; "e" "h" 1;
"b" "k" 1; "c" "h" 1;
"b" "k" 1;
"b" "k" 1;


"c" "q" 1;



"c" "v" 1;
"c" "v" 1;
"c" "v" 1; "d" "a" "u" 1;
"c" "v" 1; "d" "a" "u" 1;
"d" "a" "u" 1;
"c" "r" 1; "d" "u" 1;
"c" "r" 1; "d" "u" 1;
"c" "j" 1; "e" "w" 1;


"e" "w" 1;
"a" "m" 1;




"c" "f" 1;
"c" "f" 1;
"c" "f" 1;
"c" "f" 1;
"c" "f" 1;
"c" "f" 1;


"c" "i" 1;



"c" "f" 1;
"c" "f" "u" 1;
"b" "f" 1; "c" "f" "u" 1;
"b" "f" 1; "c" "f" 1;




"a" "e" 1;
"a" "e" 1; "b" "v" 1;
"b" "r" 1;
"b" "r" 1; "e" "r" 1;
"b" "r" 1; "e" "r" 1;
"b" "r" 1; "e" "r" 1;
"d" "q" 1;
"d" "g" "o" "q" 1;
"d" "g" "o" 1;
"d" "o" 2;
"d" "o" 2;
"b" "e" 1;
"b" "e" 1;
"b" "e" 1;



"d" "t" 1;
"a" "o" 1; "d" "t" 1;
"d" "d" "t" 1;
"d" "d" "t" 1;
"d" "d" "t" 1;
"d" "d" 1;
"c" "j" 1; "d" "d" 1;
"c" "j" 1;
"c" "j" 1;
"c" "j" 1;
"c" "j" 1;
"b" "j" "w" 1; "c" "j" 1;
"b" "g" 1; "c" "r" 1;
"b" "g" 1; "c" "r" 1;
"c" "r" 1;
"c" "r" 1;
"c" "r" 1; "d" "b" 1;


"b" "s" 1;
"c" "m" 1;
"c" "m" 1; "d" "q" 1;
"c" "e" "m" 1; "d" "u" 1;
"c" "e" "m" 1; "d" "u" 1;
"c" "e" "m" 1; "d" "u" 1;
"c" "e" "m" 1; "d" "u" 1;
"c" "e" "m" 1; "d" "u" 1;
"c" "e" "m" 1; "d" "u" 1;
"c" "e" "m" 1; "d" "u" 1;
"a" "m" 1; "c" "m" 1;
"a" "m" "u" 1; "c" "m" 1;
"a" "m" "u" 1; "c" "m" 1;
"a" "m" 1; "c" "m" 1; "e" "i" 1;
"a" "m" 1; "c" "m" 1; "d" "m" 1;
"d" "o" 1; "e" "l" "o" 1;




"d" "f" 1;
"d" "f" 1;
"a" "z" 1; "d" "z" 1;
"c" "c" 1; "d" "z" 1;
"c" "c" 1;
"c" "c" 1;
"c" "c" 1;

"d" "k" 1;
"b" "e" 1;
"b" "e" 1;
"a" "e" 1; "b" "e" 1;
"a" "e" 1; "b" "e" 1;
"b" "e" 1;
"b" "e" 1;
"b" "e" 1;
"b" "e" 1; "d" "u" 1;
"b" "e" 1; "d" "u" 1;
"b" "e" 1;
"b" "i" 1;
"d" "k" 1; "e" "w" 1;

"b" "d" 1;


"d" "h" 1;
"d" "h" 1;
"e" "s" 1;
"e" "s" 1;

"b" "i" 1;
"b" "i" 1; "c" "m" 1;
"c" "s" 1; "d" "n" 1;
"c" "l" "s" 1; "d" "c" 1;
"a" "d" 1;


"a" "q" 1; "b" "b" 1;

"e" "u" 1;
"b" "p" 1;
"b" "p" 1; "e" "t" 1;
"b" "p" 1; "e" "t" 1;

"d" "q" 1;

"b" "j" "u" 1; "c" "b" 1;
"b" "j" "u" 1; "d" "w" 1;
"b" "j" 1;
"b" "j" 1;
"b" "j" 1;
"b" "j" 1;
"c" "r" 1;
"c" "r" 1;
"a" "g" 1; "b" "m" 1; "c" "m" "r" 1; "d" "a" 1;
"a" "g" 1; "b" "m" 1; "c" "m" "r" 1; "d" "a" "l" 1;
"a" "z" 1; "b" "u" 1; "d" "a" "l" 1; "e" "z" 1;
"b" "u" 1; "d" "a" "c" "l" 1;
"d" "p" 1;
"a" "h" 1; "e" "j" 1;





"c" "h" 1;
"b" "h" 1;
"d" "b" 1;



"c" "c" 1;
"c" "c" 1;
"c" "c" 1; "d" "m" 1;

"a" "y" 1; "d" "o" 1;
"a" "y" 1; "d" "o" 1;
"a" "y" 1; "d" "o" 1;
"b" "j" 1; "c" "j" 1; "d" "j" 1;
"b" "j" 1; "c" "j" 1; "d" "j" 1;

"a" "w" 1;
"a" "w" 1; "e" "x" 1;
"a" "w" 1; "b" "x" 1; "e" "x" 1;
"c" "y" 1; "e" "s" 1;



"e" "j" 1;



"b" "u" 1;
"b" "u" 1;
"b" "u" 1;
"b" "u" 1;
"b" "u" 1; "c" "m" 1;
"b" "u" 1; "c" "m" 1;
"e" "n" 1;





"c" "q" 1;
"c" "q" 1;
"c" "q" 1;








"b" "h" 1;



"e" "y" 1;
"e" "y" 1;
"e" "y" 1;
"a" "x" 1; "b" "p" 1; "e" "q" 1;

"a" "n" 1;



"a" "l" 1;
"a" "l" 1; "d" "l" 1; "e" "u" 1;
"a" "l" 1; "d" "l" 1; "e" "u" 1;
"a" "l" 1; "d" "l" 1; "e" "u" 1;
"a" "l" 1; "b" "q" 1; "d" "l" 1; "e" "u" 1;
"a" "l" 1; "b" "q" 1; "d" "l" 1; "e" "u" 1;
"e" "u" 1;
"e" "u" 1;
"e" "u" 1;
"a" "e" 1; "e" "u" 1;
"a" "e" 1; "e" "u" 1;
"a" "e" 1; "c" "q" 1; "e" "u" 1;
"a" "e" 1; "c" "q" 1; "e" "u" 1;
"a" "e" 1; "c" "c" 1;
"a" "e" 1; "c" "c" 1;
"d" "x" 1;




"d" "x" 1;
"d" "s" 1; "e" "r" 1;

"e" "n" 1;
"b" "d" 1; "c" "v" 1; "e" "n" 1;

"d" "n" 1;
"b" "e" 1;
"b" "e" 1;
"b" "e" 1;
"b" "e" 1;
"a" "d" 1; "b" "u" 1;
"a" "d" 1;
"a" "d" 1; "d" "p" 1;
"a" "d" 1; "b" "b" 1; "d" "d" 1;
"a" "d" 1; "b" "b" 1; "d" "d" 1;
"a" "d" 1; "b" "l" 1; "c" "l" 1; "d" "d" 1;
"a" "d" 1; "d" "d" 1;





"a" "w" 1; "b" "w" 1;
"a" "m" "w" 1; "b" "w" 1;
"a" "m" "w" 1; "b" "w" 1; "d" "c" 1;
"a" "w" 1;
"a" "w" 1;



"e" "b" 1;




"a" "b" 1;
"e" "w" 1;
"e" "w" 1;


"a" "w" 1; "c" "z" 1; "d" "p" 1; "e" "x" 1;
"a" "w" 1; "c" "z" 1; "e" "x" 1;
"a" "w" 1; "e" "w" 1;
"a" "w" 1;
"a" "w" 1;
"a" "w" 1;
"a" "c" "w" 1;
"a" "c" "s" "t" "w" 1;
"a" "c" "s" "t" "w" 1;
"a" "c" "s" "t" "w" 1;
"a" "w" 1;
"a" "w" 1; "d" "v" 1;
"a" "w" 1; "d" "v" 1;
"a" "w" 1; "d" "v" 1;
"d" "v" 1;
"c" "z" 1;
"c" "z" 1;


"c" "o" 1; "e" "j" 1;
"c" "o" 1; "e" "j" 1;
"b" "j" 1; "e" "j" 1;
"b" "j" "p" 1;
"b" "j" "p" 1;
"b" "p" 1;
"b" "p" 1; "c" "p" 1;
"c" "t" 1;

"d" "b" 1;




"a" "n" 1;
"a" "x" 1; "d" "v" 1; "e" "w" 1;
"b" "r" 1; "e" "w" 1;
"e" "i" "w" 1;
"e" "i" 1;
"b" "a" 1;
"b" "a" 1;
"b" "a" 1;
"b" "a" 1;
"b" "a" 1;
"b" "a" 1;
"b" "a" 1;


"d" "z" 1;




"e" "i" "p" 1;



"b" "y" 1; "c" "r" 1;
"b" "y" 1; "c" "r" 1;
"b" "y" 1; "c" "r" 1;
"c" "r" 1;


"b" "l" 1;
"d" "r" 1; "e" "k" 1;
"d" "p" "r" 1; "e" "k" 1;
"a" "e" "m" 1; "d" "p" 1; "e" "k" 1;
"a" "m" 1; "e" "k" 1;
"a" "m" 1; "c" "x" 1;
"a" "m" 1; "c" "x" 1;
"c" "x" 1;
"c" "x" 1; "d" "e" 1;
"c" "x" 1; "d" "e" 1;
"a" "h" 1; "c" "x" 1;
"a" "h" 1; "c" "x" 1;
"a" "h" 1; "b" "g" 1; "c" "x" 1;
"b" "g" 1; "c" "p" 1;







"a" "c" 1; "e" "d" 1;
"b" "t" 1;
"b" "t" 1; "e" "t" 1;
"b" "t" 1;
"a" "k" 1; "b" "n" "t" 1;
"b" "d" 1; "d" "k" 1;
"d" "k" 1;
"d" "k" 1;
"d" "k" 1;
"d" "k" "p" 1;
"d" "k" "p" 1;
"d" "k" "p" 1;
"b" "v" 1;
"b" "v" 1; "c" "v" 1;
"b" "v" 1; "c" "v" 1;
"c" "v" 1;








"d" "o" 1;
"e" "o" 1;

"a" "c" 1; "d" "v" 1;
"a" "c" 1; "b" "h" 1; "d" "v" "w" 1;
"b" "m" 1; "c" "v" 1; "d" "v" 1;
"b" "m" 1; "c" "v" 1; "d" "v" 1;
"b" "m" 1; "c" "v" 1; "d" "v" 1;
"b" "m" 1;
"e" "k" 1;
"e" "k" 1;
"e" "k" 1;


"d" "v" 1;
"c" "x" 1;
"c" "x" 1;
"c" "i" "x" 1;



"c" "k" 1;

"a" "m" 1; "c" "m" "t" 1; "d" "a" 1;


"b" "l" 1;
"b" "l" 1;
"a" "s" 1; "b" "h" 1; "e" "l" "y" 1;
"a" "s" 1; "b" "h" 1; "d" "j" 1; "e" "l" "y" 1;
"a" "s" 1; "b" "h" 1; "d" "j" 1; "e" "l" "y" 1;
"a" "s" 1; "b" "h" 1; "d" "j" 1; "e" "l" "y" 1;
"a" "t" 1; "d" "j" "k" 1; "e" "a" 1;
"a" "t" 1; "b" "z" 1; "c" "v" 1; "d" "j" "k" 1; "e" "a" 1;
"b" "z" 1; "d" "j" "k" 1; "e" "a" 1;
"b" "z" 1; "d" "k" 1;
"b" "p" "z" 1; "d" "k" 1;
"b" "p" "z" 1; "d" "k" 1;
"a" "p" 1; "b" "p" 1; "d" "y" 1;
"a" "d" "p" 1; "b" "p" 1; "d" "y" 1;
"a" "d" "p" 1; "d" "y" 1;
"a" "d" "p" 1; "c" "e" 1; "d" "y" 1; "e" "j" 1;
"d" "i" 1;
"a" "m" 1; "d" "i" "m" 1;
"a" "m" 1; "d" "i" "m" 1; "e" "q" 1;
"d" "i" "o" 1; "e" "e" 1;
"d" "i" "o" 1; "e" "e" 1;
"d" "i" 1;
"d" "i" 1;


"e" "h" 1;






"c" "o" 1;
"c" "o" 1;
"c" "o" 1;
"b" "q" 1;
"b" "q" 1;
"e" "t" 1;
"e" "t" 1;
"c" "o" 1; "e" "t" 1;
"e" "t" 1;
"e" "t" 1;
"e" "t" 1;
"e" "t" 1;
"e" "t" 1;

"b" "c" 1;
"b" "q" 1; "e" "a" 1;
"b" "q" 1; "e" "x" 1;





"e" "d" 1;
"c" "a" 1;

"c" "f" "q" 1;

"a" "w" 1;




"a" "n" 1; "e" "c" "o" 1;
"a" "n" 1; "e" "c" "o" 1;
"a" "i" 1;


"a" "k" "x" 1; "d" "m" 1;
"c" "x" 1; "d" "m" 1; "e" "c" 1;





"d" "j" 1;
"a" "r" 1; "c" "a" "r" 1;
"a" "s" 1; "b" "h" 1;

"c" "z" 1; "e" "i" 1;
"c" "z" 1; "e" "i" 1;


"e" "v" 1;
"e" "v" 1;
"a" "i" 1; "b" "m" 1; "c" "v" 1; "e" "v" 1;
"b" "m" 1;
"b" "m" 2; "e" "j" 1;
"a" "v" 1; "b" "m" 1; "e" "j" "v" 1;
"b" "m" 1; "c" "m" 1; "e" "v" 1;
"b" "m" 1; "c" "m" 1; "e" "v" 1;
"b" "m" 1; "c" "m" 1;



"c" "n" 1;


"a" "z" 1;







"c" "o" 1;
"b" "j" 1; "c" "o" 1;


"c" "q" 1; "d" "k" 1;
"a" "q" 1; "d" "p" 1;
"a" "q" 1;
"a" "q" 1;
"c" "u" 1; "d" "w" 1;

"e" "a" 1;















"d" "l" 1;
"d" "l" 1;
"d" "l" "o" 1;
"d" "l" "o" 1;
"d" "l" 1;
"a" "i" 1; "d" "l" 1;
"a" "i" 1; "d" "l" 1;
"b" "o" 1; "c" "o" 1;






"e" "n" 1;

"b" "j" 1; "e" "j" 1;
"b" "j" 1; "e" "j" 1;
"b" "j" 1;



"b" "b" 1;





"e" "z" 1;
"e" "z" 1;
"b" "i" 1; "c" "k" 1; "e" "z" 1;
"b" "i" 1;



"d" "z" 1;
"d" "z" 1;
"d" "z" 1;
"d" "z" 1;
"d" "z" 1;
"a" "i" 1; "d" "z" 1;
"d" "z" 1;
"c" "t" 1;
"c" "t" 1;



"b" "b" 1;
"e" "y" 1;
"e" "y" 1;





"e" "w" 1;
"e" "r" 1;

"a" "k" 1;
"a" "k" 1;
"a" "k" 1; "e" "t" 1;
"a" "b" 1; "c" "b" 1;
"a" "b" 1; "c" "b" 1;



"e" "y" 1;





"a" "j" 1; "e" "z" 1;



"d" "b" 1;
"a" "s" 1; "d" "b" 1;
"a" "s" 1; "d" "b" "o" 1;
"a" "s" 1; "b" "z" 1; "d" "b" "o" 1;
"a" "s" 1; "b" "z" 1; "d" "b" "o" 1;
"a" "c" 1; "d" "o" 1;
"a" "c" 1; "d" "b" "o" 1;
"a" "l" 1; "d" "b" "o" 1; "e" "e" 1;
"d" "b" 1; "e" "e" 1;



"b" "r" 1; "c" "u" 1;
"b" "r" 1; "c" "u" 1;
"b" "r" 1; "c" "u" 1;
"b" "r" 1; "c" "u" 1;
"b" "r" 1; "c" "u" 1;
"b" "r" 1; "c" "u" 1;
"b" "r" 1; "c" "u" 1;
"c" "u" 1;

"d" "a" 1;
"d" "a" 1;
"d" "a" 1;
"d" "a" 1;
"c" "x" 1; "d" "a" 1;
"a" "f" 1; "e" "k" 1;

"b" "k" 1;





"a" "b" 1; "d" "l" 1; "e" "r" 1;
"d" "l" 1;
"d" "l" 1;
"d" "l" 1;
"a" "c" 1;
"a" "c" 1;
"a" "c" 1;
"a" "c" 1;



"e" "w" 1;
"e" "w" 1;
"e" "w" 1;
"e" "w" 1;
"c" "r" 1; "e" "w" 1;

"c" "l" 1;
"c" "l" 1;
"a" "w" 1;
"a" "w" 1;
"a" "k" "w" 1;
"a" "k" "w" 1;
"a" "w" 1; "b" "r" 1; "c" "c" 1;
"b" "r" 1;
"c" "r" 1;
"c" "z" 1;
"c" "z" 1;
"d" "t" 1; "e" "h" 1;
"d" "t" 1; "e" "h" 1;
"e" "h" 1;
"d" "z" 1; "e" "h" 1;


"d" "n" 1;
"d" "n" "v" 1;
"d" "v" 1;
"d" "w" 1;
"a" "i" 1; "d" "w" "x" 1; "e" "w" 1;
"e" "p" 1;
"a" "n" 1; "b" "f" 1;
"a" "n" 1; "b" "f" "s" 1;
"a" "n" 1; "b" "f" "s" 1; "e" "e" "f" 1;
"a" "n" 1; "b" "f" "s" 1; "e" "e" "f" 1;
"a" "n" 1; "b" "f" "s" 1; "e" "e" "f" 1;
"a" "f" 1; "b" "f" 1; "c" "o" 1; "e" "q" 1;
"a" "f" 1; "b" "f" 1;
"a" "f" 1; "c" "f" "m" 1; "d" "s" 1;
"c" "f" 1;
"c" "f" 1;
"c" "f" 1;
"c" "f" 1;
"d" "k" 1;
"b" "i" 1; "c" "f" 1; "d" "c" 1;
"b" "i" 1; "c" "f" 1; "d" "c" 1;
"b" "i" 1; "d" "c" 1;
"b" "i" 1; "e" "a" 1;
"b" "i" 1;
"b" "i" 1;
"b" "i" 1;
"b" "a" "i" 1; "d" "t" 1;
"b" "a" "i" 1; "d" "t" 1;
"b" "a" "i" 1; "d" "t" 1;
"b" "a" 1;
"b" "a" 1;





"c" "n" 1; "d" "i" 1;


"a" "s" 1;
"a" "s" 1; "b" "e" 1;
"a" "s" 1; "d" "l" 1;
"a" "s" 1; "b" "m" 1; "d" "e" 1;
"a" "s" "t" 1; "c" "e" 1; "d" "e" 1;
"a" "t" 1; "c" "e" 1; "d" "e" 1; "e" "a" 1;
"a" "t" 1; "c" "e" 1; "d" "e" 1; "e" "a" 1;
"a" "t" 1;
"c" "c" 1; "e" "z" 1;
"c" "c" 1; "e" "r" "x" 1;
"c" "c" 1; "e" "r" "x" 1;
"c" "c" 1; "e" "r" "x" 1;
"a" "w" 1; "c" "c" 1; "d" "s" "w" "z" 1; "e" "x" 1;
"d" "w" 1;
"d" "w" 1;
"d" "w" 1;
"d" "w" 1;






"d" "n" "z" 1;
"d" "n" 1;
"a" "j" 1;



"d" "l" 1;
"d" "l" 1;
"d" "l" 1;



"a" "f" 1;




"e" "p" 1;
"e" "p" 1;
"e" "p" 1;
"a" "r" 1; "e" "p" 1;
"a" "r" 1; "e" "p" 1;
"a" "r" 1; "e" "p" 1;


"c" "g" 1;
"c" "g" 1;



"b" "q" 1;













"c" "u" 1; "d" "f" 1;

"e" "y" 1;
"e" "y" 1;




"d" "y" 1; "e" "n" 1;
"d" "y" 1; "e" "n" 1;
"c" "i" 1; "d" "y" 1;
"c" "i" "p" 1; "d" "e" "y" 1;
"c" "i" "p" 1; "d" "e" "y" 1;
"c" "i" "p" 1; "d" "e" "y" 1;
"c" "i" 1; "d" "e" "y" 1;
"d" "e" "y" 1;
"d" "e" 1;
"d" "e" 1;
"e" "u" 1;











"a" "r" 1;
"b" "e" 1;
"b" "e" 1;
"b" "e" 1;
"a" "r" 1; "b" "e" 1;
"a" "r" 1; "b" "e" 1;
"a" "r" 1; "b" "e" 1;
"a" "c" 1;



"a" "d" 1;
"a" "d" 1; "c" "b" 1; "d" "f" 1;
"a" "d" 1; "c" "b" 1; "d" "f" 1;
"a" "d" 1; "b" "d" "u" 1; "c" "b" 1; "d" "f" 1;
"c" "b" 1; "d" "f" 1;
"c" "b" 1;
"c" "b" 1; "e" "e" 1;



"c" "j" 2;
"c" "c" "j" 1;
"a" "j" 1;
"a" "j" 1;
"b" "t" 1;
"b" "t" 1;
"b" "t" 1;
"b" "t" 1;







"a" "f" 1;
"a" "f" 1;
"a" "f" 1;
"a" "f" 1; "e" "w" 1;
"a" "f" 1; "e" "w" 1;
"a" "w" 1; "e" "w" 1;
"a" "w" 1; "e" "w" 1;


"a" "o" 1;
"a" "o" 1;
"a" "o" 1;
"e" "w" 1;


"a" "p" "u" 1; "b" "r" 1;
"a" "p" "u" 1; "b" "r" 1;
"a" "p" "u" 1;
"a" "u" 1;







"e" "r" 1;
"e" "r" 1;
"e" "r" 1;
"d" "v" 1; "e" "q" 1;


"a" "b" 1; "c" "b" 1;
"a" "b" 1; "c" "b" 1;
"d" "r" 1;
"d" "r" 1;
"c" "j" 1;
"c" "j" 1;


"d" "q" 1;

"e" "l" 1;
"e" "x" 1;
"e" "x" 1;
"e" "x" 1;










"a" "s" 1;










"a" "m" 1;
"a" "m" 1;



"d" "z" 1;
"d" "z" 1;
"d" "z" 1;
"b" "s" 1;
"b" "s" 1;


"e" "g" 1;


"e" "w" 1;
"e" "d" 1;
"e" "d" 1;
"e" "d" 2;


"b" "o" 1; "c" "i" 1;
"b" "o" 1; "c" "i" 1;
"b" "o" 1; "c" "i" 1;
"b" "o" 1; "c" "i" 1;
"b" "o" 1; "c" "i" 1;






"d" "x" 1;


"e" "c" 1;
"e" "c" "u" 1;
"a" "f" 1; "b" "f" 1;
"a" "f" 1; "b" "f" 1;
"a" "x" 1;



"b" "a" 1;
"b" "a" 1;
"b" "a" 1; "c" "t" 1;
"b" "a" 1; "c" "t" 1;
"b" "a" 2; "c" "t" 1;
"c" "t" 1;
"c" "t" 1;
"c" "t" 1;
"c" "t" 1; "d" "u" 1;
"c" "t" 1; "e" "q" 1;



"b" "z" 1;
"b" "z" 1; "e" "s" 1;
"c" "b" 1; "e" "s" 1;







"c" "h" 1;
"c" "h" 1;
"c" "h" 1;
"c" "h" 1;
"c" "h" 1;
"c" "h" 1;
"c" "h" 1;
"c" "a" 1; "d" "x" 1;
"e" "n" 1;
"e" "n" 1;


"c" "s" 1;



"c" "h" 1;
"a" "g" 1; "c" "h" 1;
"a" "g" 1; "e" "q" 1;
"e" "q" 1;
"e" "q" 1;
"b" "l" 1;
"b" "l" 1;
"b" "l" 1; "d" "l" 1;
"d" "l" 1;
"d" "l" 1;
"d" "g" "l" 1;
"d" "g" "l" 1;
"d" "g" "l" 1;
"d" "g" "l" 1;
"b" "k" 1; "d" "g" "l" 1;
"b" "k" 1; "d" "g" "l" 1;
"b" "k" 1; "c" "i" 1; "d" "g" "l" 1;
"b" "g" "k" 1; "d" "g" "l" 1;
"b" "k" 1; "d" "g" 1;
"b" "k" 1;
"b" "k" 1;
"b" "k" 1;
"b" "y" 1;
"b" "y" 1;
"a" "y" 1; "b" "y" 2;
"a" "p" 1;
"a" "p" 1;
"a" "i" 1;
"c" "d" 1;
"c" "d" 1;
"d" "h" 1;






"a" "q" 1; "d" "q" 1;
"c" "i" "q" 1;
"c" "q" 1;












"c" "w" 1; "e" "l" 1;
"b" "v" 1; "c" "w" 1; "e" "l" 1;
"b" "v" 1; "c" "w" 1; "e" "l" 1;
"b" "v" 1; "c" "w" 1;
"b" "v" 1; "c" "w" 1;
"b" "v" 1; "c" "w" 1;
"a" "g" 1; "b" "v" 1; "d" "e" 1;
"a" "g" 1; "b" "v" 1; "d" "e" 1; "e" "s" 1;
"e" "s" 1;



"d" "s" 1;
"d" "s" 1;
"b" "h" 1;
"b" "h" 1;
"a" "b" 1;

"a" "s" 1; "d" "g" 1;
"e" "y" 1;



"d" "v" 1; "e" "y" 1;
"d" "v" 1; "e" "y" 1;
"b" "g" 1; "d" "v" 1; "e" "y" 1;
"d" "k" 1;
"d" "e" "k" 1;
"b" "b" 1;
"d" "h" 1;
"d" "h" 1;



"b" "b" 1;
"a" "o" 1; "b" "b" 1;


"b" "t" 1;
"b" "t" 1;





"d" "p" 1;
"d" "p" 1;
"d" "e" "p" 1;
"d" "e" "p" 1;


"d" "k" 1;
"d" "k" "x" 1;
"d" "k" "x" 1;
"c" "x" 1; "d" "x" 1;
"d" "q" 1;
"d" "q" 1;



"d" "a" 1; "e" "m" 1;
"e" "k" 1;






"b" "v" 1;











"c" "d" 1;
"b" "t" 1;
"b" "t" 1;
"b" "t" 1;


"c" "i" 1;
"c" "i" 1;
"c" "i" 1;
"c" "i" 1; "d" "g" 1; "e" "q" 1;
"c" "i" 1; "d" "g" 1;


"a" "g" "u" 1; "c" "r" 1;





"e" "x" 1;
"c" "c" 1; "d" "z" 1;
"c" "c" 1; "d" "z" 1;
"c" "c" 1;
"c" "c" 1;




"b" "l" 1; "e" "i" 1;
"a" "h" "p" 1; "c" "i" 1; "d" "c" "i" 1; "e" "i" 1;










"b" "s" 1;
"b" "s" 1; "c" "y" 1;
"b" "s" 1; "c" "y" 1;

"d" "q" 1; "e" "p" 1;


"c" "a" 1;
"a" "y" 1; "c" "a" 1;

"d" "t" 1;
"c" "o" 1; "d" "t" 1;
"d" "c" 1;
"d" "u" 1;
"d" "u" 1;
"d" "v" 1; "e" "m" 1;
"d" "v" 1; "e" "a" "m" 1;
"a" "h" 1; "d" "v" 1; "e" "a" "m" 1;
"a" "h" 1; "b" "h" 1; "d" "v" 1; "e" "m" "v" 1;
"e" "v" 1;
"e" "v" 1;
"e" "v" 1;


"d" "x" 1;





"e" "f" 1;
"a" "n" 1;
"a" "n" 1;







"a" "i" 1;
"a" "l" 1;
"a" "l" 1; "e" "a" 1;

"c" "w" 1;
"c" "w" 1;
"c" "w" 1;
"c" "w" 1;
"c" "y" 1;


"b" "e" 1;

"c" "u" 1;


"c" "l" 1; "d" "z" 2;
"d" "z" 2;
"d" "o" "z" 1;
"d" "z" 1;



"b" "a" "v" 1; "c" "a" 1;
"b" "a" "v" 1; "c" "a" 1;
"a" "i" "n" 1; "b" "i" 1; "c" "a" 1;
"a" "t" 2; "b" "f" 1; "d" "z" 1;
"a" "t" 2; "b" "f" 1; "d" "z" 1;
"a" "n" "t" 1; "d" "z" 1;
"a" "b" 1;
"a" "b" 1;

"d" "f" 1;

"a" "z" 1; "c" "s" 1;
"c" "s" "x" 1; "e" "q" 1;
"c" "s" "x" 1; "e" "q" "x" 1;
"c" "s" "x" 1; "e" "x" 1;
"e" "x" 1;
"a" "h" 1;
"a" "h" 1;
"a" "h" 1; "e" "h" 1;
"a" "h" 1; "c" "n" 1; "e" "h" 1;
"a" "h" 1; "c" "n" 1; "e" "h" 1;
"a" "h" "j" 1; "c" "n" 1; "e" "h" 1;
"d" "w" 1;
"d" "w" 1;

"b" "z" 1;






"b" "f" 1;
"b" "f" 1;
"b" "f" 1;
"e" "o" 1;
"e" "o" 1;
"c" "o" 1; "d" "e" 1; "e" "o" 1;
"c" "o" 1; "d" "e" 1;
"b" "r" 1; "c" "o" 1; "d" "e" 1;
"c" "o" 1; "d" "e" 1;
"c" "o" 1; "d" "e" 1;












"b" "o" 1;
"b" "o" 1;
"b" "o" 1;
"d" "y" 1;

"b" "w" 1;
"b" "u" "w" 1;
"b" "u" "w" 1;
"b" "b" "q" "u" "w" 1;
"b" "u" 2;
"b" "u" 1;
"b" "u" 1;
"b" "u" 1;
"c" "z" 1;
"b" "k" 1;
"b" "k" 1; "d" "b" 1;
"d" "b" 1; "e" "i" 1;
"b" "u" 1; "d" "b" 2; "e" "i" 1;
"b" "u" 1; "e" "i" 1;
"b" "u" 1; "e" "i" 1;
"e" "i" 1;
"e" "i" 1;
"e" "i" 1;






"c" "i" 1;
"c" "i" 1;
"e" "q" 1;

"a" "t" 1;
"a" "t" 1;
"e" "c" 1;





"b" "q" 1; "e" "o" 1;
"b" "q" 1; "e" "o" 1;







"c" "l" 1;


"a" "s" 1; "b" "e" 1;
"a" "s" 1; "b" "e" 1;
"b" "e" 1;
"b" "e" 1;
"b" "e" 1;
"b" "e" 1;

"a" "r" 1;
"a" "r" 1;
"c" "o" 1; "d" "d" 1;
"c" "o" 1; "d" "d" 1;
"a" "y" 1; "d" "d" "m" 1;
"a" "p" 1; "d" "m" 1;
"a" "p" 1; "d" "m" 1;
"d" "m" 1;
"e" "r" 1;









"b" "x" 1;
"b" "x" 1;
"c" "i" 1;


"b" "w" 1;
"a" "m" 1; "b" "w" 1;
"a" "m" 1; "b" "w" 1;
"c" "h" 1;
"c" "h" 1;
"c" "h" 1;
"c" "h" 1;
"c" "h" 1;
"c" "h" 1;
"c" "h" 1;
"c" "h" 1;
"c" "h" 1; "e" "s" 1;
"b" "n" 1; "c" "h" 1;


"c" "n" 1;
"a" "o" 1; "b" "p" 1; "c" "h" "n" 1;
"c" "h" "s" 1;
"a" "k" 1; "b" "q" 1; "c" "a" 1;
"c" "a" 1;
"c" "a" "t" 1; "d" "j" 1;
"d" "j" 1;
"d" "j" 1;
"d" "j" 1;


"b" "x" 1;
"a" "d" 1;
"b" "w" 1;
"b" "w" 1;
"b" "w" 1; "e" "u" 1;
"b" "v" 1; "c" "v" 1;
"b" "v" 1; "c" "v" 1;


"d" "e" 1;
"d" "e" 1;
"d" "e" 1;

"e" "y" 1;


"a" "o" 1; "c" "f" 1;

"d" "v" 1;
"a" "h" 1;
"a" "h" 1;


"b" "x" 1;

"c" "w" 1; "e" "d" "e" 1;
"e" "d" "e" 1;





"c" "h" 1;
"c" "h" 1;
"a" "d" 1; "c" "h" 1;
"a" "d" 1; "c" "h" 1;
"a" "b" "d" 1;
"e" "d" 1;
"a" "a" 1; "b" "a" 1;
"a" "a" 1; "b" "a" 1;
"a" "a" 1; "b" "a" 1;
"a" "a" 1; "b" "f" 1; "d" "s" 1; "e" "f" 1;
"a" "a" 1; "b" "f" 1; "d" "s" 1; "e" "f" 1;
"a" "a" 1; "b" "f" 1; "d" "s" 1; "e" "f" 1;
"a" "a" 1; "b" "f" 1; "d" "s" 1; "e" "f" 1;
"c" "m" 1;
"c" "m" 1;
"c" "m" 1;
"c" "m" 1;












"b" "x" 1;



"a" "t" 1; "e" "f" 1;
"a" "t" 1;
"a" "t" 1;
"a" "j" "t" 1; "c" "d" 1;
"d" "t" 1;
"d" "t" 1;
"e" "j" 1;
"e" "j" 1;
"e" "j" 1;
"e" "j" 1;

"e" "j" 1;




"e" "x" 1;
"c" "d" 1; "e" "x" "z" 1;
"c" "d" 1; "d" "h" 1; "e" "z" 1;
"b" "p" 1; "c" "d" 1; "e" "z" 1;



"d" "d" 1;
"d" "d" 1;

"a" "r" "s" 1; "b" "h" 1;
"a" "r" "s" 1; "b" "h" 1;
"a" "r" "s" 1; "b" "h" 1;
"a" "s" 1; "d" "x" 1; "e" "s" 1;
"a" "s" 1; "d" "x" 1; "e" "s" 1;
"a" "s" 1;
"a" "s" 1;
"a" "s" 1;
"a" "s" 1; "c" "t" 1;





"b" "p" 1; "e" "p" 1;

"a" "m" 1;
"a" "m" 1; "b" "m" 1; "c" "p" 1; "d" "j" 1;
"a" "m" 1; "b" "m" 1; "c" "p" 1; "d" "j" 1;
"a" "m" 1; "b" "m" 1;


"b" "l" 1;
"a" "c" 1;
"a" "c" 1;
"a" "c" 1;

"a" "w" 1;
"a" "w" 1;
"b" "s" 1;
"b" "s" 1;
"b" "s" 1;
"b" "s" 1;



"a" "r" 1; "b" "j" 1;
"b" "j" 1;










"e" "b" 1;




"d" "f" 1;
"a" "l" 1; "c" "d" 1; "d" "f" 1;
"c" "d" 1;
"c" "d" 1;
"c" "d" 1;
"c" "d" 1;






"a" "l" 1;
"b" "d" 1; "d" "b" 1;
"b" "d" 1; "d" "b" 1;

"d" "r" 1;
"a" "g" 1; "b" "s" 1; "d" "u" 1;
"a" "g" 1; "d" "u" 1;
"a" "g" 1;
"a" "g" 1;
"a" "g" 1;
"a" "g" 1;
"a" "g" 1; "d" "a" 1;
"d" "a" 1;
"d" "w" 1;
"d" "w" 1;
"c" "r" 1; "d" "w" 1;
"d" "w" 1;
"d" "w" 1;

"b" "a" 1;
"b" "a" 1;


"e" "w" 1;
"a" "t" 1; "b" "n" 1;
"b" "n" 1;






"a" "y" 1;
"a" "y" 1;




"d" "i" 1;
"d" "i" 1;


"e" "m" 1;
"e" "m" 1;






"e" "u" 1;
"c" "l" 1; "e" "u" 1;
"c" "l" 1;
"d" "j" 1;
"d" "j" 1;










"e" "p" 1;
"e" "p" 1;
"b" "m" 1;
"b" "m" 1;
"b" "h" 1; "c" "o" 1;
"b" "h" 2; "c" "o" "q" 1;
"c" "o" "t" 1;




"b" "a" 1;
"a" "t" 1; "b" "a" 1;
"a" "t" 1; "b" "a" 1;





"c" "k" 1;
"b" "j" 1; "c" "k" 1;
"b" "j" 1; "c" "k" 1;

"c" "p" 1;
"d" "b" 1; "e" "z" 1;
"e" "z" 1;
"e" "z" 1;
"e" "z" 1;

"a" "h" 1; "c" "o" 1;
"a" "h" 1; "c" "o" 1;
"a" "h" 1; "c" "o" 1;

"a" "b" 1;
"a" "x" 1;
"a" "x" 1; "e" "n" 1;
"e" "n" 1;









"c" "w" 1;
"c" "m" 1;
"c" "m" 1;



"b" "b" 1; "e" "z" 1;
"e" "z" 1;
"e" "z" 1;
"e" "z" 1;
"e" "z" 1;





"a" "n" 1;
"c" "v" 1;
"d" "h" 1;
"d" "h" 1;






"d" "j" 1; "e" "a" 1;




"d" "i" 1; "e" "y" 1;
"d" "g" "i" "y" 1; "e" "y" 1;
"d" "y" 1;
"d" "y" 1;
"e" "q" 1;



"b" "j" 1;
"c" "b" 2;
"c" "b" 1;
"c" "b" 1;
"e" "y" 1;
"e" "y" 1;
"e" "y" 1;
"e" "y" 1;
"e" "y" 1;









"c" "v" 1;
"b" "n" 1; "c" "a" 1; "d" "x" 1; "e" "d" 1;
"b" "n" 1; "c" "a" 1; "d" "x" 1; "e" "d" 1;
"b" "n" 1; "d" "x" 1; "e" "d" 1;
"a" "q" 1; "d" "x" 1; "e" "d" 1;
"a" "q" 1; "d" "x" 1; "e" "d" 1;
"d" "r" "x" 1;
"b" "n" 1; "c" "i" 1; "d" "x" 1;
"d" "x" 1; "e" "a" 1;







"b" "c" 1;

"a" "x" 1; "e" "e" 1;
"a" "k" "x" 1; "b" "x" 1;
"a" "k" "x" 1; "b" "x" 1;
"a" "k" "x" 1; "b" "x" 1;
"a" "k" "x" 1; "b" "x" 1;
"a" "k" 1; "c" "k" 1;

"d" "f" 1; "e" "g" 1;
"d" "f" 1; "e" "g" 1;
"d" "f" 1; "e" "g" 1;
"a" "u" 1; "c" "y" 1;
"a" "u" 1; "c" "s" "y" 1; "e" "e" "u" 1;
"a" "f" "u" 1; "c" "s" "y" 1;
"a" "f" "u" 1; "c" "s" "y" 1;
"a" "u" 1; "c" "u" 1;




"d" "s" 1;



"b" "x" 1;
"b" "a" "m" "s" 1;
"b" "m" "s" 1;
"b" "s" 1;
"b" "s" 1;
"b" "s" 1;
"a" "l" 1; "b" "t" 1; "c" "t" 1; "e" "z" 1;
"a" "t" 1; "b" "t" 1; "c" "t" 1;
"a" "s" 1; "c" "v" 1;







"a" "q" 1; "d" "q" 1;

"a" "k" 1;
"a" "k" 1;











"c" "v" 1;








"d" "n" 1;
"c" "n" 1; "d" "n" 1;
"c" "e" 1; "d" "a" 1;
"c" "e" 1; "d" "a" 1;
"c" "e" 1;
"c" "e" 1;
"c" "e" 1;
"c" "e" 1;
"c" "e" 1;


"e" "p" 1;
"e" "p" 1;
"c" "u" "z" 1; "e" "g" "p" 1;
"c" "u" "z" 1; "e" "g" "p" 1;
"c" "u" "z" 1; "e" "g" "p" 1;
"c" "u" "z" 1; "e" "g" "p" 1;
"c" "u" "z" 1; "e" "g" "p" 1;
"b" "t" 1; "c" "u" "z" 1; "e" "g" "p" 1;
"b" "t" 1; "c" "u" "z" 1; "e" "g" "p" 1;
"e" "p" 1;
"e" "n" "p" 1;
"e" "n" 1;

"a" "g" 1; "d" "k" 1;




"a" "m" 1;
"b" "f" 1;
"b" "f" 1;



"a" "o" 1;
"a" "v" 1; "d" "r" 1;
"a" "v" 1; "d" "r" 1;
"a" "v" 1; "d" "r" 1;
"a" "x" 2; "b" "u" 1; "d" "r" 1;
"a" "x" 2; "b" "u" 1; "d" "r" 1;
"a" "x" 2; "b" "u" 1; "d" "r" 1;
"a" "x" 2; "b" "u" 1; "d" "r" 1;
"a" "x" 1;

"e" "w" "x" "y" 1;
"e" "x" "y" 1;
"e" "y" 1;

"c" "c" 1;
"c" "c" 1; "d" "g" 1;
"c" "r" 1;
"c" "r" 1;
"c" "r" 1;
"c" "r" 1;
"c" "r" 1;
"c" "r" 1;
"a" "v" 1; "b" "f" 1; "c" "r" 1;
"a" "v" 1; "c" "r" 1; "d" "k" 1;


"b" "u" 1;







"c" "f" "x" 1; "e" "u" 1;
"c" "x" 1; "e" "u" 1;
"c" "x" 1; "e" "u" 1;
"c" "x" 1; "e" "u" 1;
"c" "x" 1;
"c" "x" 1; "d" "g" 1; "e" "u" 1;
"c" "x" 1; "d" "g" 1; "e" "u" 1;
"b" "g" 1; "c" "x" 1; "d" "g" 1;
"b" "g" 1; "c" "x" 1; "d" "g" 1;
"b" "g" 1; "d" "h" 1;
"d" "h" 1;







"a" "h" 1;
"a" "h" 1; "b" "c" 1;
"e" "s" 1;
"e" "s" 1;






"a" "p" 1;


"d" "n" 1;
"a" "t" 1; "d" "n" 1; "e" "v" 1;


"b" "v" 1;
"b" "v" 1;
"b" "v" 1;
"b" "v" 1;
"b" "v" 1;
"a" "u" 1; "b" "o" "v" 1;
"b" "v" 1;
"b" "v" 1;
"b" "v" 1;
"b" "v" 1;
"b" "v" 1;
"b" "v" 1;
"b" "v" "z" 1;
"b" "v" "z" 1;
"b" "v" 1; "d" "e" 1;
"c" "p" 1; "d" "e" "g" "s" 1;
"c" "r" 1; "d" "e" 1;
"c" "r" 1; "d" "e" 1;
"b" "f" 1; "c" "r" 1;
"b" "f" "p" 1; "c" "r" 1;
"b" "f" "p" 1; "c" "r" 1;
"b" "f" "p" 1; "c" "r" 1;
"a" "v" 1; "b" "f" 1; "c" "t" 1; "e" "k" 1;
"b" "f" 1;
"b" "f" 1;
"b" "f" 1;


"e" "q" 1;

"c" "f" 1; "d" "r" 1;
"d" "w" 1;
"b" "i" 1; "d" "o" 1;
"b" "i" 1; "d" "o" 1;
"b" "i" 1; "d" "o" 1;
"c" "r" 1;




"e" "g" 1;
"e" "g" 1;
"b" "t" 1; "c" "y" 1; "e" "g" 1;
"d" "e" 1; "e" "g" 1;
"d" "e" 1; "e" "g" 1;
"d" "e" 1; "e" "g" 1;
"b" "g" 1; "c" "i" 1; "e" "g" 1;
"a" "g" 1; "b" "g" 1; "c" "a" 1; "e" "g" 1;
"a" "g" 1; "b" "g" 1; "e" "g" 1;
"a" "g" 1; "b" "g" 1; "e" "g" 1;
"a" "g" 1; "b" "g" 1; "e" "e" "g" 1;
"a" "g" 1; "b" "g" 1; "e" "e" "g" 1;
"a" "g" "n" 1; "b" "g" 1; "e" "g" 1;
"a" "g" 1; "b" "g" 1; "e" "g" 1;




"b" "q" 1; "c" "d" 1;





"b" "a" 1;
"b" "a" 1;
"b" "a" 1;
"a" "t" 1; "b" "a" 1;
"a" "t" 1; "b" "a" 1;
"a" "t" 1; "b" "a" 1;
"c" "z" 1;
"c" "z" 1; "d" "z" 1;
"c" "z" 1; "d" "z" 1;
"a" "i" 1; "c" "m" 1; "d" "w" 1;
"c" "m" 1; "d" "w" 1;

"b" "h" 1; "c" "v" 1; "d" "h" 1;
"b" "h" 1; "c" "v" 1; "d" "h" 1;
"b" "h" 1; "d" "h" 1;


"c" "d" 1;
"c" "d" 1;
"a" "u" 1;
"c" "s" 1;
"c" "s" 1;
"a" "t" 1; "c" "s" 1;
"a" "t" 1;
"a" "t" 1;
"a" "t" 1;
"a" "t" 1;
"b" "c" 1;






"c" "q" 1;
"a" "z" 1; "c" "i" 1; "d" "t" 1; "e" "z" 1;
"c" "i" 1; "d" "t" 1;
"b" "t" 1; "d" "t" 1;
"b" "t" 1; "d" "t" 1;
"d" "t" 1;
"d" "t" 1;
"d" "t" 1;
"d" "t" 1;
"d" "t" 1;
"b" "z" 1; "d" "t" 1; "e" "b" 1;
"b" "m" "z" 1; "d" "t" 1; "e" "b" 1;
"a" "t" 1; "b" "m" 1; "d" "t" 1;
"a" "t" 1; "b" "m" 1; "d" "i" "t" 1;
"b" "m" 1; "d" "i" 1;
"a" "q" 1; "b" "m" 1; "d" "i" 1; "e" "q" 1;
"a" "q" 1; "b" "m" 1; "d" "i" 1; "e" "q" 1;
"d" "i" 1;


"a" "t" 1;
"a" "t" 1;
"a" "f" "t" 1;
"a" "f" "t" 1;
"a" "f" "t" 1;
"a" "f" "t" 1;
"b" "h" 1;
"b" "h" 1;
"b" "h" 1; "c" "b" 1;












"a" "n" 1;
"a" "n" 1; "c" "q" 1; "d" "p" 1;
"a" "n" 1; "c" "q" 1; "d" "p" 1;
"c" "q" 1; "d" "p" 1;
"d" "p" 1;
"d" "p" 1;
"d" "p" 1;
"d" "c" 1;
"d" "c" 1;



"e" "l" 1;
"a" "d" 1; "d" "v" 1; "e" "a" "v" 1;
"e" "v" "w" 1;
"a" "p" 1; "e" "g" "w" 1;
"a" "p" 1; "e" "g" "w" 1;
"a" "p" 1; "e" "g" "h" 1;
"d" "h" 1;
"d" "h" 1;
"d" "h" 1;
"a" "h" 1; "d" "h" 1;
"a" "h" 2; "d" "h" 1;
"a" "h" 2; "d" "h" 1;
"a" "s" 2;
"a" "s" 2;


"c" "w" 1;
"c" "w" 1;


"b" "n" 1;






"a" "e" 1;
"e" "d" 1;

"d" "x" 1;





"a" "g" 1;



"e" "s" 1;





"a" "m" 1;
"a" "m" 1; "c" "m" 1; "d" "d" 1;
"a" "l" 1; "c" "m" 1;
"c" "j" 1;
"c" "j" 1;
"c" "j" 1;
"c" "j" 1;
"b" "d" 1; "d" "y" 1;
"a" "y" 1; "b" "d" 2; "c" "y" 1; "d" "y" 1;
"a" "y" 1; "b" "d" 2; "c" "y" 1; "d" "y" 1;
"a" "y" 1; "d" "y" 1;
"a" "y" 1; "d" "y" 1;





"a" "l" 1; "e" "b" "c" 1;
"a" "l" 1; "e" "b" "c" 1;
"a" "l" 1; "d" "b" 1; "e" "b" "c" 1;
"a" "l" 1; "d" "i" 1;
"d" "i" 1;
"d" "i" 1;
"d" "i" 1;
"d" "i" 1;


"b" "b" 1; "e" "b" 1;



"e" "t" 1;
"e" "t" 1;
"e" "t" 1;
"a" "t" 1; "c" "l" "r" 1; "d" "h" 1; "e" "p" "t" 1;






"d" "h" 1;
"d" "h" 1; "e" "h" 1;
"d" "h" 1; "e" "h" 1;
"d" "h" 1; "e" "h" 1;
"d" "s" 1;
"d" "s" 1;


"b" "e" 1;
"b" "e" 1;
"b" "e" 1;
"b" "e" 1;
"b" "e" 1; "e" "n" 1;
"a" "t" 1; "c" "a" 1;
"a" "t" 1; "c" "a" 1;
"a" "t" 1; "c" "a" 1;



"a" "a" 1;
"c" "j" "m" 1;
"c" "h" "m" 1; "d" "u" 1; "e" "g" 1;
"b" "u" 1; "c" "h" 1; "e" "g" 1;
"b" "u" 1; "c" "h" 1; "e" "g" "u" 1;
"b" "u" 1; "d" "i" 1; "e" "g" "u" 1;
"b" "u" 1; "c" "u" 1; "d" "i" 1; "e" "g" "u" 1;
"b" "u" 2; "c" "u" 1; "d" "i" 1; "e" "g" "u" 1;
"b" "u" 2; "c" "u" 1; "d" "i" 1; "e" "g" "u" 1;
"b" "u" 2; "c" "u" 1; "d" "i" 1; "e" "g" "u" 1;

"e" "v" 1;
"e" "v" 1;


"b" "a" 1; "d" "k" 1;
"b" "a" 1;
"b" "a" 1;
"b" "a" 1; "c" "u" 1;
"b" "a" 1; "c" "u" 1;
"a" "n" 1; "c" "u" 1;
"a" "n" 1; "c" "u" 1;


"b" "d" 1;
"b" "d" 1;
"b" "d" 1;
"b" "d" 1;
"b" "d" 1;
"b" "d" 1;
"b" "d" 1;
"b" "d" 1; "c" "l" 1;
"c" "l" 1;
"c" "l" 1;



"c" "s" 1; "d" "a" 1;



"e" "o" 1;


"a" "e" 1; "c" "p" 1;


"e" "y" 1;
"e" "y" 1;
"e" "y" 1;
"a" "m" 1; "e" "y" 1;
"a" "m" 1; "c" "f" 1; "e" "y" 1;
"a" "m" 1; "c" "f" 1; "e" "y" 1;
"a" "m" 1; "c" "f" 1; "e" "y" 1;
"a" "m" 1; "c" "f" 1; "e" "y" 1;
"a" "y" 1; "c" "h" 1; "e" "h" 1;
"a" "y" 1; "c" "h" 1; "e" "h" 1;
"a" "y" 1; "c" "h" 1; "e" "h" 1;
"c" "h" 1; "e" "h" 1;
"c" "h" 1; "e" "h" 1;



"a" "p" 1; "c" "j" 1;
"a" "p" 1; "c" "j" 1;
"a" "q" 1; "b" "p" 1; "d" "x" 1; "e" "d" 1;
"b" "m" 1; "e" "d" 1;
"b" "m" 1; "e" "d" 1;
"b" "m" 1; "e" "d" 1;
"b" "m" 1; "e" "d" 1;
"b" "m" 1; "e" "d" 1;
"b" "m" 1; "e" "d" 1;
"b" "j" "m" 1;


"a" "s" 1;
"a" "s" 1;
"a" "s" 1;



"c" "r" 1;
"c" "f" "r" 1;
"c" "f" "r" 1; "d" "l" 1;
"c" "f" "r" 1;

"a" "o" 1; "c" "u" 1;
"a" "o" 1; "c" "u" 1;
"a" "o" 1;
"b" "i" 1; "c" "y" 1;
"b" "i" 1; "c" "y" 1;
"e" "g" "q" "y" 1;
"e" "g" "y" 1;
"e" "g" "y" 1;




"e" "k" 1;


"e" "l" 1;




"d" "b" 1;
"b" "q" 1;
"b" "q" "u" 1; "d" "e" 1;
"a" "c" 1; "d" "z" 1;
"d" "z" 1;
"d" "z" 1;

"d" "m" 1;
"d" "m" 1;
"d" "m" 1;
"d" "m" 1;
"b" "k" 1;
"b" "k" 1;
"b" "k" 1;


"e" "h" "t" 1;
"e" "t" 1;
"e" "t" "u" 1;


"c" "w" 1;
"c" "w" 1;




"a" "l" 1;
"a" "d" "l" 1; "b" "l" 1;
"a" "d" 1; "d" "q" 1;
"a" "d" 1; "d" "q" 1;
"d" "q" 1;
"d" "q" 1;
"a" "i" 1; "c" "z" 1; "d" "q" "y" 1;
"a" "i" 1; "c" "z" 1; "d" "q" "y" 1;
"d" "y" 1;


"a" "y" 1;


"c" "x" 1;
"c" "x" 1;






"d" "c" 1;
"d" "c" 1;
"d" "c" 1;
"d" "c" 1;
"b" "a" 1;
"b" "a" 1;
"b" "a" 1;
"b" "a" 1;
"b" "a" 1;
"b" "a" 1;
"a" "w" 1;



"b" "v" 1;
"b" "v" 1;
"b" "v" 1;
"b" "v" 1;

"a" "q" 1;


"e" "v" 1;
"a" "j" 1; "b" "p" 1; "c" "v" 1; "e" "k" 1;
"b" "a" 1;


"a" "n" 1;
"a" "n" 1;





"e" "f" 1;
"a" "e" 1; "e" "f" 1;


"a" "w" 1;
"a" "r" "w" 1; "b" "i" 1; "e" "g" 1;
"a" "r" "w" 1;
"a" "r" "w" 1;
"a" "r" "w" 1; "b" "g" 1; "d" "b" 1;



"d" "p" 1;


"e" "s" 1;


"b" "v" 1;
"b" "v" "y" 1;
"b" "v" "y" 1;
"b" "v" "y" 1;
"b" "v" "y" 1;


"b" "u" 1; "d" "k" 1;
"d" "k" 1;
"d" "k" 1;
"b" "k" 1; "d" "k" 1;
"b" "k" 1; "d" "k" 1;
"b" "k" 1; "d" "k" 1;
"d" "k" 1;
"d" "k" 1;
"d" "k" 1;



"b" "f" 1;

"b" "i" 1; "e" "i" 1;
"b" "i" 1; "e" "i" 1;



"c" "m" 1;
"c" "m" 1;
"c" "m" 1;
"a" "q" 1; "b" "c" "e" "y" 1; "c" "x" 1; "e" "x" 1;
"a" "q" 1; "b" "c" "y" 1; "c" "x" 1; "e" "x" 1;
"c" "s" 1; "e" "x" 1;
"c" "s" 1;



"a" "w" 1;
"a" "c" "j" 1;
"a" "c" "j" 1;
"a" "c" 1; "c" "i" 1; "e" "h" 1;
"a" "c" 1; "c" "i" 1;
"a" "c" 1; "c" "i" 1; "d" "c" 1;
"a" "c" 1; "d" "c" 2;


"d" "l" 1;

"e" "i" 1;
"e" "i" 1;





"b" "c" 1;
"a" "k" 1;
"a" "k" 1; "c" "t" 1;
"a" "k" 1; "c" "t" 1;
"a" "k" 1; "c" "t" "y" 1;
"a" "k" 1; "c" "t" "y" 1;



"e" "t" 1;


"a" "c" 1; "e" "s" 1;


"d" "k" 1;
"a" "y" 1;
"a" "b" "o" 1; "b" "v" 1;
"a" "b" "o" 1; "b" "p" 1;
"a" "b" "o" 1; "b" "p" 1; "d" "s" 1;
"a" "b" "o" 1; "b" "b" "p" 1; "d" "s" 1; "e" "d" 1;
"a" "b" "t" 1; "b" "b" 1; "e" "d" 1;
"e" "d" 1;


"d" "z" 1;
"b" "m" 1; "d" "z" 1;

"b" "r" 1;







"d" "q" 1;
"b" "l" 1; "d" "q" 1;
"d" "q" 1;
"d" "q" 1;
"d" "q" 1;
"d" "q" "t" 1; "e" "s" 1;
"b" "j" "t" 1; "d" "a" "s" "t" 1; "e" "j" "n" "s" 1;
"b" "t" 1; "d" "a" "s" "t" 1; "e" "n" "s" 1;
"b" "t" 1; "e" "n" "s" 1;
"b" "t" 1;
"b" "t" 1;
"b" "t" 1;


"b" "e" "u" 1; "d" "a" 1; "e" "e" 1;
"b" "e" 1; "d" "a" 1; "e" "e" 1;


















"b" "n" 1; "c" "n" "r" 1;
"b" "n" 1; "c" "n" 1;
"b" "n" 1; "c" "n" 1;

"e" "m" "r" 1;
"e" "l" 1;
"e" "l" 1;
"e" "l" 1;
"e" "l" 1;
"b" "q" 1;
"b" "q" 1;
"d" "e" 1;
"c" "a" 1; "d" "e" 1; "e" "s" 1;
"c" "a" 1; "d" "e" 1; "e" "s" 1;
"c" "e" 1; "d" "e" 1; "e" "h" 1;
"c" "f" 1; "e" "h" 1;
"d" "b" 1; "e" "u" 1;
"d" "b" 1; "e" "u" 1;
"c" "d" 1; "d" "b" 1; "e" "u" 1;
"c" "d" 1; "d" "b" 1; "e" "u" 1;
"a" "r" 1; "c" "h" 1; "d" "q" 1; "e" "u" 1;
"a" "j" "r" 1; "b" "h" "j" 1; "e" "u" 1;
"a" "r" 1; "b" "h" 1; "e" "u" 1;
"a" "r" 1; "b" "h" 1; "e" "u" 1;




"d" "w" 1;






"a" "z" 1;






"d" "i" 1; "e" "z" 1;
"e" "z" 1;
"e" "z" 1;



"a" "t" 1;
"a" "t" 1;



"d" "k" 1; "e" "n" 1;


"b" "a" "h" 1;
"b" "h" 1;
"a" "n" 1; "c" "a" 1;
"a" "n" 1; "c" "a" 1;
"a" "n" 1; "c" "a" 1;
"a" "n" 1; "c" "a" 1;
"c" "a" 2; "d" "h" 1; "e" "z" 1;
"e" "z" 1;
"e" "z" 1;
"b" "q" 1; "e" "z" 1;





"b" "v" 1; "d" "w" 1;
"b" "v" 1; "c" "w" 1; "d" "w" 1;
"b" "v" 1;
"b" "v" 1;
"b" "k" "q" "v" 1;
"b" "k" "q" "v" 1;
"b" "h" "k" "q" "v" 1;
"b" "h" 1; "c" "t" 1;


"a" "t" 1; "c" "e" 1;

"a" "c" 1;






"e" "w" 1;
"e" "w" 1;
"e" "w" 1;
"c" "x" 1; "e" "w" 1;
"c" "x" 1; "e" "w" 1;







"e" "m" 1;
"e" "s" 1;
"c" "b" 1; "e" "o" 1;



"b" "w" 1; "c" "i" 1; "d" "x" 1;
"c" "e" 1;





"c" "z" 1;
"c" "z" 1;
"b" "q" 1;
"b" "q" 1;
"b" "q" 1;
"e" "e" 1;


















"d" "m" 1; "e" "l" 1;
"d" "m" 1; "e" "l" 1;
"d" "m" 1; "e" "l" 1;





"c" "e" 1;






"b" "q" 1;


"a" "z" 1;
"a" "z" 1;
"a" "z" 1;









"c" "k" 1; "d" "k" 1;
"c" "k" 1; "d" "k" 1;
"b" "r" 1;
"a" "t" 1;
"a" "t" 1;
"c" "z" 1;
"c" "z" 1;
"b" "t" 1; "c" "z" 1;
"b" "t" 1; "c" "z" 1;
"a" "p" 1; "b" "t" 1; "c" "z" 1;
"a" "p" "v" 1; "d" "p" 1;
"a" "p" "v" 1; "d" "p" 1;
"a" "p" "x" 1;
"a" "p" "x" 1; "c" "x" 1;
"a" "p" "x" 1; "c" "x" 1;
"b" "m" 1; "e" "j" 1;
"b" "m" 1; "e" "j" 1;
"e" "l" 1;
"e" "l" 1;

"d" "i" 1; "e" "z" 1;
"a" "l" 1; "d" "i" 1; "e" "z" 1;
"d" "s" "x" 1;
"d" "s" "x" 1;
"d" "s" "x" 1;
"d" "x" 1;

"c" "y" 1;


"c" "x" 1;
"c" "x" 1;
"c" "x" 1;
"c" "x" 1;
"c" "x" 1;
"c" "x" 1;
"a" "b" 1; "e" "b" 1;
"a" "b" 1;
"a" "b" 1;
"a" "b" 1;
"a" "b" 1;
"a" "b" 1; "c" "b" "t" 1;
"a" "b" 1; "b" "d" 1; "c" "b" "t" 1;





"a" "q" 1; "c" "r" 1; "e" "q" 1;
"c" "r" 1;
"c" "r" 1;
"c" "r" 1;

"a" "a" 1;















"b" "v" 1;

"b" "b" 1; "d" "o" 1;
"b" "a" "c" 1;
"b" "l" 1; "d" "d" 1;

"d" "g" 1;
"d" "g" 1;
"a" "g" "m" 1; "c" "m" 1; "e" "g" 1;
"a" "g" "m" 1; "c" "m" 1; "e" "g" 1;
"a" "g" "m" 1; "e" "g" 1;
"a" "g" 1; "e" "g" 1;
"a" "g" 1; "e" "g" 1;






